#! /usr/bin/vvp
:ivl_version "0.9.5 " "(v0_9_5)";
:vpi_time_precision + 0;
:vpi_module "system";
:vpi_module "v2005_math";
:vpi_module "va_math";
S_0x9dc6d10 .scope module, "testbench" "testbench" 2 2;
 .timescale 0 0;
v0x9e155e8_0 .net "bus", 15 0, v0x9e14538_0; 1 drivers
v0x9e15638_0 .var "clock", 0 0;
v0x9e15688_0 .var "iin", 15 0;
v0x9e15710_0 .var "resetn", 0 0;
S_0x9dd0228 .scope module, "p" "processador" 2 11, 3 9, S_0x9dc6d10;
 .timescale 0 0;
v0x9e13ee0_0 .net "a", 15 0, v0x9e104a8_0; 1 drivers
v0x9e13f30_0 .net "a_enable", 0 0, v0x9e12a38_0; 1 drivers
v0x9e13fb8_0 .net "bus", 15 0, v0x9e13e90_0; 1 drivers
v0x9e14008_0 .net "bus1", 15 0, v0x9e11bf8_0; 1 drivers
v0x9e14090_0 .net "clear", 0 0, v0x9e12ab8_0; 1 drivers
v0x9e14118_0 .net "clk", 0 0, v0x9e15638_0; 1 drivers
v0x9e14168_0 .net "cont", 1 0, v0x9e13ac0_0; 1 drivers
v0x9e141f0_0 .net "iin", 15 0, v0x9e15688_0; 1 drivers
v0x9e14240_0 .var "iin9", 8 0;
v0x9e14290_0 .net "imediat", 15 0, v0x9e13ca0_0; 1 drivers
v0x9e14318_0 .net "immediate_select", 0 0, v0x9e12b68_0; 1 drivers
v0x9e143a0_0 .net "negativo", 0 0, v0x9e12c98_0; 1 drivers
v0x9e14460_0 .net "opSelect", 0 0, v0x9e12cf8_0; 1 drivers
v0x9e144e8_0 .net "out", 15 0, v0x9e11aa0_0; 1 drivers
v0x9e14538_0 .var "outProcessador", 15 0;
v0x9e14588_0 .net "r", 15 0, v0x9e106c0_0; 1 drivers
v0x9e14658_0 .net "r0", 15 0, v0x9e10f68_0; 1 drivers
v0x9e146e0_0 .net "r0_enable", 0 0, v0x9e12ee8_0; 1 drivers
v0x9e14780_0 .net "r0_select", 0 0, v0x9e12f58_0; 1 drivers
v0x9e14808_0 .net "r1", 15 0, v0x9e11620_0; 1 drivers
v0x9e148b0_0 .net "r1_enable", 0 0, v0x9e12fc8_0; 1 drivers
v0x9e14938_0 .net "r1_select", 0 0, v0x9e13038_0; 1 drivers
v0x9e149e8_0 .net "r2", 15 0, v0x9e113c0_0; 1 drivers
v0x9e14a70_0 .net "r2_enable", 0 0, v0x9e130f0_0; 1 drivers
v0x9e14b28_0 .net "r2_select", 0 0, v0x9e13160_0; 1 drivers
v0x9e14bb0_0 .net "r3", 15 0, v0x9e111c8_0; 1 drivers
v0x9e14c70_0 .net "r3_enable", 0 0, v0x9e13200_0; 1 drivers
v0x9e14cf8_0 .net "r3_select", 0 0, v0x9e13250_0; 1 drivers
v0x9e14dc0_0 .net "r4", 15 0, v0x9e10fd0_0; 1 drivers
v0x9e14e10_0 .net "r4_enable", 0 0, v0x9e132f8_0; 1 drivers
v0x9e14ee0_0 .net "r4_select", 0 0, v0x9e13348_0; 1 drivers
v0x9e14f30_0 .net "r5", 15 0, v0x9e10d70_0; 1 drivers
v0x9e15008_0 .net "r5_enable", 0 0, v0x9e133f8_0; 1 drivers
v0x9e15058_0 .net "r5_select", 0 0, v0x9e13448_0; 1 drivers
v0x9e14fb8_0 .net "r6", 15 0, v0x9e10b10_0; 1 drivers
v0x9e15170_0 .net "r6_enable", 0 0, v0x9e13500_0; 1 drivers
v0x9e150e0_0 .net "r6_select", 0 0, v0x9e13550_0; 1 drivers
v0x9e15290_0 .net "r7", 15 0, v0x9e108f0_0; 1 drivers
v0x9e151f8_0 .net "r7_enable", 0 0, v0x9e13498_0; 1 drivers
v0x9e153b8_0 .net "r7_select", 0 0, v0x9e13630_0; 1 drivers
v0x9e15318_0 .net "r_enable", 0 0, v0x9e135c0_0; 1 drivers
v0x9e154e8_0 .net "r_select", 0 0, v0x9e13718_0; 1 drivers
v0x9e15440_0 .net "resetn", 0 0, v0x9e15710_0; 1 drivers
E_0x9dda920 .event edge, v0x9e10448_0;
S_0x9e13d10 .scope module, "c2" "compl2" 3 52, 4 1, S_0x9dd0228;
 .timescale 0 0;
v0x9e13db0_0 .alias "controle", 0 0, v0x9e143a0_0;
v0x9e13e20_0 .alias "in", 15 0, v0x9e14008_0;
v0x9e13e90_0 .var "out", 15 0;
E_0x9e13d90 .event edge, v0x9e12c98_0, v0x9e11bf8_0;
S_0x9e13b10 .scope module, "ext" "extensor" 3 54, 5 1, S_0x9dd0228;
 .timescale 0 0;
v0x9e13bb0_0 .var "imediat", 9 0;
v0x9e13c00_0 .var "in", 2 0;
v0x9e13c50_0 .alias "inn", 15 0, v0x9e141f0_0;
v0x9e13ca0_0 .var "out", 15 0;
E_0x9e13b90 .event edge, v0x9e13c50_0;
S_0x9e139a0 .scope module, "contad" "contador" 3 56, 6 1, S_0x9dd0228;
 .timescale 0 0;
v0x9e13a20_0 .alias "clear", 0 0, v0x9e14090_0;
v0x9e13a70_0 .alias "clk", 0 0, v0x9e14118_0;
v0x9e13ac0_0 .var "out", 1 0;
S_0x9e12508 .scope module, "uc" "unidade_controle" 3 58, 7 2, S_0x9dd0228;
 .timescale 0 0;
v0x9e12a38_0 .var "a_enable", 0 0;
v0x9e12ab8_0 .var "clear", 0 0;
v0x9e12b08_0 .alias "cont", 1 0, v0x9e14168_0;
v0x9e12b68_0 .var "immediate_select", 0 0;
v0x9e12bd8_0 .net "in", 8 0, v0x9e14240_0; 1 drivers
v0x9e12c28_0 .var "negar", 0 0;
v0x9e12c98_0 .var "negativo", 0 0;
v0x9e12cf8_0 .var "opSelect", 0 0;
v0x9e12d48_0 .var "opcode", 2 0;
v0x9e12d98_0 .net "outEnableRegister", 7 0, v0x9e126f8_0; 1 drivers
v0x9e12e08_0 .net "outRegister1", 7 0, v0x9e129e8_0; 1 drivers
v0x9e12e78_0 .net "outRegister2", 7 0, v0x9e12888_0; 1 drivers
v0x9e12ee8_0 .var "r0_enable", 0 0;
v0x9e12f58_0 .var "r0_select", 0 0;
v0x9e12fc8_0 .var "r1_enable", 0 0;
v0x9e13038_0 .var "r1_select", 0 0;
v0x9e130f0_0 .var "r2_enable", 0 0;
v0x9e13160_0 .var "r2_select", 0 0;
v0x9e13200_0 .var "r3_enable", 0 0;
v0x9e13250_0 .var "r3_select", 0 0;
v0x9e132f8_0 .var "r4_enable", 0 0;
v0x9e13348_0 .var "r4_select", 0 0;
v0x9e133f8_0 .var "r5_enable", 0 0;
v0x9e13448_0 .var "r5_select", 0 0;
v0x9e13500_0 .var "r6_enable", 0 0;
v0x9e13550_0 .var "r6_select", 0 0;
v0x9e13498_0 .var "r7_enable", 0 0;
v0x9e13630_0 .var "r7_select", 0 0;
v0x9e135c0_0 .var "r_enable", 0 0;
v0x9e13718_0 .var "r_select", 0 0;
v0x9e136a0_0 .var "register1", 2 0;
v0x9e137e8_0 .var "register2", 2 0;
v0x9e13768_0 .alias "resetn", 0 0, v0x9e15440_0;
v0x9e138c0_0 .var "saida", 0 0;
v0x9e13838_0 .var "status", 1 0;
E_0x9e122d8 .event edge, v0x9e12b08_0, v0x9e12bd8_0;
E_0x9e12598 .event posedge, v0x9e13768_0;
S_0x9e128e8 .scope module, "d1" "decodificador" 7 44, 8 1, S_0x9e12508;
 .timescale 0 0;
v0x9e12968_0 .net "in", 2 0, v0x9e136a0_0; 1 drivers
v0x9e129e8_0 .var "out", 7 0;
S_0x9e12758 .scope module, "d2" "decodificador" 7 45, 8 1, S_0x9e12508;
 .timescale 0 0;
v0x9e12818_0 .net "in", 2 0, v0x9e137e8_0; 1 drivers
v0x9e12888_0 .var "out", 7 0;
E_0x9e127d8 .event edge, v0x9e12818_0;
S_0x9e125c8 .scope module, "d3" "decodificador" 7 46, 8 1, S_0x9e12508;
 .timescale 0 0;
v0x9e12688_0 .alias "in", 2 0, v0x9e12968_0;
v0x9e126f8_0 .var "out", 7 0;
E_0x9e12648 .event edge, v0x9e12688_0;
S_0x9e11b28 .scope module, "m" "mult" 3 87, 9 1, S_0x9dd0228;
 .timescale 0 0;
v0x9e11bf8_0 .var "bus", 15 0;
v0x9e11c58_0 .alias "imediat", 15 0, v0x9e14290_0;
v0x9e11cb8_0 .alias "imediat_select", 0 0, v0x9e14318_0;
v0x9e11d18_0 .alias "r", 15 0, v0x9e14588_0;
v0x9e11da0_0 .alias "r0", 15 0, v0x9e14658_0;
v0x9e11e10_0 .alias "r0_select", 0 0, v0x9e14780_0;
v0x9e11e80_0 .alias "r1", 15 0, v0x9e14808_0;
v0x9e11ef0_0 .alias "r1_select", 0 0, v0x9e14938_0;
v0x9e11f68_0 .alias "r2", 15 0, v0x9e149e8_0;
v0x9e11fb8_0 .alias "r2_select", 0 0, v0x9e14b28_0;
v0x9e12038_0 .alias "r3", 15 0, v0x9e14bb0_0;
v0x9e120a8_0 .alias "r3_select", 0 0, v0x9e14cf8_0;
v0x9e120f8_0 .alias "r4", 15 0, v0x9e14dc0_0;
v0x9e12168_0 .alias "r4_select", 0 0, v0x9e14ee0_0;
v0x9e121f8_0 .alias "r5", 15 0, v0x9e14f30_0;
v0x9e12268_0 .alias "r5_select", 0 0, v0x9e15058_0;
v0x9e12300_0 .alias "r6", 15 0, v0x9e14fb8_0;
v0x9e12370_0 .alias "r6_select", 0 0, v0x9e150e0_0;
v0x9e12410_0 .alias "r7", 15 0, v0x9e15290_0;
v0x9e12460_0 .alias "r7_select", 0 0, v0x9e153b8_0;
v0x9e123c0_0 .alias "r_select", 0 0, v0x9e154e8_0;
E_0x9e11ba8/0 .event edge, v0x9e123c0_0, v0x9e12460_0, v0x9e12370_0, v0x9e12268_0;
E_0x9e11ba8/1 .event edge, v0x9e12168_0, v0x9e120a8_0, v0x9e11fb8_0, v0x9e11ef0_0;
E_0x9e11ba8/2 .event edge, v0x9e11e10_0, v0x9e11cb8_0;
E_0x9e11ba8 .event/or E_0x9e11ba8/0, E_0x9e11ba8/1, E_0x9e11ba8/2;
S_0x9e118e0 .scope module, "u" "ula" 3 110, 10 1, S_0x9dd0228;
 .timescale 0 0;
v0x9e11980_0 .alias "f1", 15 0, v0x9e13ee0_0;
v0x9e11a00_0 .alias "f2", 15 0, v0x9e13fb8_0;
v0x9e11a50_0 .alias "opSelect", 0 0, v0x9e14460_0;
v0x9e11aa0_0 .var "out", 15 0;
E_0x9e105f0 .event edge, v0x9e10448_0, v0x9e104a8_0, v0x9e11a50_0;
S_0x9e11688 .scope module, "Rr0" "register" 3 111, 11 1, S_0x9dd0228;
 .timescale 0 0;
v0x9e11708_0 .alias "clk", 0 0, v0x9e14118_0;
v0x9e11768_0 .alias "enable", 0 0, v0x9e146e0_0;
v0x9e117c8_0 .alias "in", 15 0, v0x9e13fb8_0;
v0x9e10f68_0 .var "out", 15 0;
S_0x9e11428 .scope module, "Rr1" "register" 3 112, 11 1, S_0x9dd0228;
 .timescale 0 0;
v0x9e114a8_0 .alias "clk", 0 0, v0x9e14118_0;
v0x9e10c58_0 .alias "enable", 0 0, v0x9e148b0_0;
v0x9e115d0_0 .alias "in", 15 0, v0x9e13fb8_0;
v0x9e11620_0 .var "out", 15 0;
S_0x9e11230 .scope module, "Rr2" "register" 3 113, 11 1, S_0x9dd0228;
 .timescale 0 0;
v0x9e112b0_0 .alias "clk", 0 0, v0x9e14118_0;
v0x9e11310_0 .alias "enable", 0 0, v0x9e14a70_0;
v0x9e11370_0 .alias "in", 15 0, v0x9e13fb8_0;
v0x9e113c0_0 .var "out", 15 0;
S_0x9e11038 .scope module, "Rr3" "register" 3 114, 11 1, S_0x9dd0228;
 .timescale 0 0;
v0x9e110b8_0 .alias "clk", 0 0, v0x9e14118_0;
v0x9e11118_0 .alias "enable", 0 0, v0x9e14c70_0;
v0x9e11178_0 .alias "in", 15 0, v0x9e13fb8_0;
v0x9e111c8_0 .var "out", 15 0;
S_0x9e10dd8 .scope module, "Rr4" "register" 3 115, 11 1, S_0x9dd0228;
 .timescale 0 0;
v0x9e10e58_0 .alias "clk", 0 0, v0x9e14118_0;
v0x9e10eb8_0 .alias "enable", 0 0, v0x9e14e10_0;
v0x9e10f18_0 .alias "in", 15 0, v0x9e13fb8_0;
v0x9e10fd0_0 .var "out", 15 0;
S_0x9e10b78 .scope module, "Rr5" "register" 3 116, 11 1, S_0x9dd0228;
 .timescale 0 0;
v0x9e10bf8_0 .alias "clk", 0 0, v0x9e14118_0;
v0x9e10cc0_0 .alias "enable", 0 0, v0x9e15008_0;
v0x9e10d20_0 .alias "in", 15 0, v0x9e13fb8_0;
v0x9e10d70_0 .var "out", 15 0;
S_0x9e10958 .scope module, "Rr6" "register" 3 117, 11 1, S_0x9dd0228;
 .timescale 0 0;
v0x9e109d8_0 .alias "clk", 0 0, v0x9e14118_0;
v0x9e10a28_0 .alias "enable", 0 0, v0x9e15170_0;
v0x9e10a88_0 .alias "in", 15 0, v0x9e13fb8_0;
v0x9e10b10_0 .var "out", 15 0;
S_0x9e10728 .scope module, "Rr7" "register" 3 118, 11 1, S_0x9dd0228;
 .timescale 0 0;
v0x9e107a8_0 .alias "clk", 0 0, v0x9e14118_0;
v0x9e10840_0 .alias "enable", 0 0, v0x9e151f8_0;
v0x9e108a0_0 .alias "in", 15 0, v0x9e13fb8_0;
v0x9e108f0_0 .var "out", 15 0;
S_0x9e10510 .scope module, "Rr" "register" 3 119, 11 1, S_0x9dd0228;
 .timescale 0 0;
v0x9e10590_0 .alias "clk", 0 0, v0x9e14118_0;
v0x9e10610_0 .alias "enable", 0 0, v0x9e15318_0;
v0x9e10660_0 .alias "in", 15 0, v0x9e144e8_0;
v0x9e106c0_0 .var "out", 15 0;
S_0x9dd02a8 .scope module, "Ra" "register" 3 120, 11 1, S_0x9dd0228;
 .timescale 0 0;
v0x9dd0328_0 .alias "clk", 0 0, v0x9e14118_0;
v0x9e103e8_0 .alias "enable", 0 0, v0x9e13f30_0;
v0x9e10448_0 .alias "in", 15 0, v0x9e13fb8_0;
v0x9e104a8_0 .var "out", 15 0;
E_0x9dd9d10 .event negedge, v0x9dd0328_0;
    .scope S_0x9e13d10;
T_0 ;
    %wait E_0x9e13d90;
    %load/v 8, v0x9e13db0_0, 1;
    %mov 9, 0, 2;
    %cmpi/u 8, 1, 3;
    %jmp/0xz  T_0.0, 4;
    %load/v 8, v0x9e13e20_0, 16;
    %inv 8, 16;
    %addi 8, 1, 16;
    %ix/load 0, 16, 0;
    %assign/v0 v0x9e13e90_0, 0, 8;
    %jmp T_0.1;
T_0.0 ;
    %load/v 8, v0x9e13e20_0, 16;
    %ix/load 0, 16, 0;
    %assign/v0 v0x9e13e90_0, 0, 8;
T_0.1 ;
    %jmp T_0;
    .thread T_0, $push;
    .scope S_0x9e13b10;
T_1 ;
    %wait E_0x9e13b90;
    %ix/load 1, 13, 0;
    %mov 4, 0, 1;
    %jmp/1 T_1.0, 4;
    %load/x1p 11, v0x9e13c50_0, 1;
    %jmp T_1.1;
T_1.0 ;
    %mov 11, 2, 1;
T_1.1 ;
    %mov 8, 11, 1; Move signal select into place
    %ix/load 1, 14, 0;
    %mov 4, 0, 1;
    %jmp/1 T_1.2, 4;
    %load/x1p 11, v0x9e13c50_0, 1;
    %jmp T_1.3;
T_1.2 ;
    %mov 11, 2, 1;
T_1.3 ;
    %mov 9, 11, 1; Move signal select into place
    %ix/load 1, 15, 0;
    %mov 4, 0, 1;
    %jmp/1 T_1.4, 4;
    %load/x1p 11, v0x9e13c50_0, 1;
    %jmp T_1.5;
T_1.4 ;
    %mov 11, 2, 1;
T_1.5 ;
    %mov 10, 11, 1; Move signal select into place
    %set/v v0x9e13c00_0, 8, 3;
    %load/v 8, v0x9e13c50_0, 1; Select 1 out of 16 bits
    %ix/load 1, 1, 0;
    %mov 4, 0, 1;
    %jmp/1 T_1.6, 4;
    %load/x1p 18, v0x9e13c50_0, 1;
    %jmp T_1.7;
T_1.6 ;
    %mov 18, 2, 1;
T_1.7 ;
    %mov 9, 18, 1; Move signal select into place
    %ix/load 1, 2, 0;
    %mov 4, 0, 1;
    %jmp/1 T_1.8, 4;
    %load/x1p 18, v0x9e13c50_0, 1;
    %jmp T_1.9;
T_1.8 ;
    %mov 18, 2, 1;
T_1.9 ;
    %mov 10, 18, 1; Move signal select into place
    %ix/load 1, 3, 0;
    %mov 4, 0, 1;
    %jmp/1 T_1.10, 4;
    %load/x1p 18, v0x9e13c50_0, 1;
    %jmp T_1.11;
T_1.10 ;
    %mov 18, 2, 1;
T_1.11 ;
    %mov 11, 18, 1; Move signal select into place
    %ix/load 1, 4, 0;
    %mov 4, 0, 1;
    %jmp/1 T_1.12, 4;
    %load/x1p 18, v0x9e13c50_0, 1;
    %jmp T_1.13;
T_1.12 ;
    %mov 18, 2, 1;
T_1.13 ;
    %mov 12, 18, 1; Move signal select into place
    %ix/load 1, 5, 0;
    %mov 4, 0, 1;
    %jmp/1 T_1.14, 4;
    %load/x1p 18, v0x9e13c50_0, 1;
    %jmp T_1.15;
T_1.14 ;
    %mov 18, 2, 1;
T_1.15 ;
    %mov 13, 18, 1; Move signal select into place
    %ix/load 1, 6, 0;
    %mov 4, 0, 1;
    %jmp/1 T_1.16, 4;
    %load/x1p 18, v0x9e13c50_0, 1;
    %jmp T_1.17;
T_1.16 ;
    %mov 18, 2, 1;
T_1.17 ;
    %mov 14, 18, 1; Move signal select into place
    %ix/load 1, 7, 0;
    %mov 4, 0, 1;
    %jmp/1 T_1.18, 4;
    %load/x1p 18, v0x9e13c50_0, 1;
    %jmp T_1.19;
T_1.18 ;
    %mov 18, 2, 1;
T_1.19 ;
    %mov 15, 18, 1; Move signal select into place
    %ix/load 1, 8, 0;
    %mov 4, 0, 1;
    %jmp/1 T_1.20, 4;
    %load/x1p 18, v0x9e13c50_0, 1;
    %jmp T_1.21;
T_1.20 ;
    %mov 18, 2, 1;
T_1.21 ;
    %mov 16, 18, 1; Move signal select into place
    %ix/load 1, 9, 0;
    %mov 4, 0, 1;
    %jmp/1 T_1.22, 4;
    %load/x1p 18, v0x9e13c50_0, 1;
    %jmp T_1.23;
T_1.22 ;
    %mov 18, 2, 1;
T_1.23 ;
    %mov 17, 18, 1; Move signal select into place
    %set/v v0x9e13bb0_0, 8, 10;
    %ix/load 1, 9, 0;
    %mov 4, 0, 1;
    %jmp/1 T_1.24, 4;
    %load/x1p 11, v0x9e13bb0_0, 1;
    %jmp T_1.25;
T_1.24 ;
    %mov 11, 2, 1;
T_1.25 ;
    %mov 8, 11, 1; Move signal select into place
    %mov 9, 0, 2;
    %cmpi/u 8, 1, 3;
    %jmp/0xz  T_1.26, 4;
    %load/v 8, v0x9e13bb0_0, 10;
    %mov 18, 1, 6;
    %ix/load 0, 16, 0;
    %assign/v0 v0x9e13ca0_0, 0, 8;
    %jmp T_1.27;
T_1.26 ;
    %load/v 8, v0x9e13bb0_0, 10;
    %mov 18, 0, 6;
    %ix/load 0, 16, 0;
    %assign/v0 v0x9e13ca0_0, 0, 8;
T_1.27 ;
    %jmp T_1;
    .thread T_1, $push;
    .scope S_0x9e139a0;
T_2 ;
    %set/v v0x9e13ac0_0, 0, 2;
    %end;
    .thread T_2;
    .scope S_0x9e139a0;
T_3 ;
    %wait E_0x9dd9d10;
    %load/v 8, v0x9e13a20_0, 1;
    %mov 9, 0, 1;
    %cmpi/u 8, 0, 2;
    %jmp/0xz  T_3.0, 4;
    %ix/load 0, 1, 0;
    %load/vp0 8, v0x9e13ac0_0, 2;
    %set/v v0x9e13ac0_0, 8, 2;
    %jmp T_3.1;
T_3.0 ;
    %set/v v0x9e13ac0_0, 0, 2;
T_3.1 ;
    %jmp T_3;
    .thread T_3;
    .scope S_0x9e128e8;
T_4 ;
    %wait E_0x9e12648;
    %load/v 8, v0x9e12968_0, 3;
    %cmpi/u 8, 0, 3;
    %jmp/1 T_4.0, 6;
    %cmpi/u 8, 1, 3;
    %jmp/1 T_4.1, 6;
    %cmpi/u 8, 2, 3;
    %jmp/1 T_4.2, 6;
    %cmpi/u 8, 3, 3;
    %jmp/1 T_4.3, 6;
    %cmpi/u 8, 4, 3;
    %jmp/1 T_4.4, 6;
    %cmpi/u 8, 5, 3;
    %jmp/1 T_4.5, 6;
    %cmpi/u 8, 6, 3;
    %jmp/1 T_4.6, 6;
    %cmpi/u 8, 7, 3;
    %jmp/1 T_4.7, 6;
    %jmp T_4.8;
T_4.0 ;
    %movi 8, 128, 8;
    %ix/load 0, 8, 0;
    %assign/v0 v0x9e129e8_0, 0, 8;
    %jmp T_4.8;
T_4.1 ;
    %movi 8, 64, 8;
    %ix/load 0, 8, 0;
    %assign/v0 v0x9e129e8_0, 0, 8;
    %jmp T_4.8;
T_4.2 ;
    %movi 8, 32, 8;
    %ix/load 0, 8, 0;
    %assign/v0 v0x9e129e8_0, 0, 8;
    %jmp T_4.8;
T_4.3 ;
    %movi 8, 16, 8;
    %ix/load 0, 8, 0;
    %assign/v0 v0x9e129e8_0, 0, 8;
    %jmp T_4.8;
T_4.4 ;
    %movi 8, 8, 8;
    %ix/load 0, 8, 0;
    %assign/v0 v0x9e129e8_0, 0, 8;
    %jmp T_4.8;
T_4.5 ;
    %movi 8, 4, 8;
    %ix/load 0, 8, 0;
    %assign/v0 v0x9e129e8_0, 0, 8;
    %jmp T_4.8;
T_4.6 ;
    %movi 8, 2, 8;
    %ix/load 0, 8, 0;
    %assign/v0 v0x9e129e8_0, 0, 8;
    %jmp T_4.8;
T_4.7 ;
    %movi 8, 1, 8;
    %ix/load 0, 8, 0;
    %assign/v0 v0x9e129e8_0, 0, 8;
    %jmp T_4.8;
T_4.8 ;
    %jmp T_4;
    .thread T_4, $push;
    .scope S_0x9e12758;
T_5 ;
    %wait E_0x9e127d8;
    %load/v 8, v0x9e12818_0, 3;
    %cmpi/u 8, 0, 3;
    %jmp/1 T_5.0, 6;
    %cmpi/u 8, 1, 3;
    %jmp/1 T_5.1, 6;
    %cmpi/u 8, 2, 3;
    %jmp/1 T_5.2, 6;
    %cmpi/u 8, 3, 3;
    %jmp/1 T_5.3, 6;
    %cmpi/u 8, 4, 3;
    %jmp/1 T_5.4, 6;
    %cmpi/u 8, 5, 3;
    %jmp/1 T_5.5, 6;
    %cmpi/u 8, 6, 3;
    %jmp/1 T_5.6, 6;
    %cmpi/u 8, 7, 3;
    %jmp/1 T_5.7, 6;
    %jmp T_5.8;
T_5.0 ;
    %movi 8, 128, 8;
    %ix/load 0, 8, 0;
    %assign/v0 v0x9e12888_0, 0, 8;
    %jmp T_5.8;
T_5.1 ;
    %movi 8, 64, 8;
    %ix/load 0, 8, 0;
    %assign/v0 v0x9e12888_0, 0, 8;
    %jmp T_5.8;
T_5.2 ;
    %movi 8, 32, 8;
    %ix/load 0, 8, 0;
    %assign/v0 v0x9e12888_0, 0, 8;
    %jmp T_5.8;
T_5.3 ;
    %movi 8, 16, 8;
    %ix/load 0, 8, 0;
    %assign/v0 v0x9e12888_0, 0, 8;
    %jmp T_5.8;
T_5.4 ;
    %movi 8, 8, 8;
    %ix/load 0, 8, 0;
    %assign/v0 v0x9e12888_0, 0, 8;
    %jmp T_5.8;
T_5.5 ;
    %movi 8, 4, 8;
    %ix/load 0, 8, 0;
    %assign/v0 v0x9e12888_0, 0, 8;
    %jmp T_5.8;
T_5.6 ;
    %movi 8, 2, 8;
    %ix/load 0, 8, 0;
    %assign/v0 v0x9e12888_0, 0, 8;
    %jmp T_5.8;
T_5.7 ;
    %movi 8, 1, 8;
    %ix/load 0, 8, 0;
    %assign/v0 v0x9e12888_0, 0, 8;
    %jmp T_5.8;
T_5.8 ;
    %jmp T_5;
    .thread T_5, $push;
    .scope S_0x9e125c8;
T_6 ;
    %wait E_0x9e12648;
    %load/v 8, v0x9e12688_0, 3;
    %cmpi/u 8, 0, 3;
    %jmp/1 T_6.0, 6;
    %cmpi/u 8, 1, 3;
    %jmp/1 T_6.1, 6;
    %cmpi/u 8, 2, 3;
    %jmp/1 T_6.2, 6;
    %cmpi/u 8, 3, 3;
    %jmp/1 T_6.3, 6;
    %cmpi/u 8, 4, 3;
    %jmp/1 T_6.4, 6;
    %cmpi/u 8, 5, 3;
    %jmp/1 T_6.5, 6;
    %cmpi/u 8, 6, 3;
    %jmp/1 T_6.6, 6;
    %cmpi/u 8, 7, 3;
    %jmp/1 T_6.7, 6;
    %jmp T_6.8;
T_6.0 ;
    %movi 8, 128, 8;
    %ix/load 0, 8, 0;
    %assign/v0 v0x9e126f8_0, 0, 8;
    %jmp T_6.8;
T_6.1 ;
    %movi 8, 64, 8;
    %ix/load 0, 8, 0;
    %assign/v0 v0x9e126f8_0, 0, 8;
    %jmp T_6.8;
T_6.2 ;
    %movi 8, 32, 8;
    %ix/load 0, 8, 0;
    %assign/v0 v0x9e126f8_0, 0, 8;
    %jmp T_6.8;
T_6.3 ;
    %movi 8, 16, 8;
    %ix/load 0, 8, 0;
    %assign/v0 v0x9e126f8_0, 0, 8;
    %jmp T_6.8;
T_6.4 ;
    %movi 8, 8, 8;
    %ix/load 0, 8, 0;
    %assign/v0 v0x9e126f8_0, 0, 8;
    %jmp T_6.8;
T_6.5 ;
    %movi 8, 4, 8;
    %ix/load 0, 8, 0;
    %assign/v0 v0x9e126f8_0, 0, 8;
    %jmp T_6.8;
T_6.6 ;
    %movi 8, 2, 8;
    %ix/load 0, 8, 0;
    %assign/v0 v0x9e126f8_0, 0, 8;
    %jmp T_6.8;
T_6.7 ;
    %movi 8, 1, 8;
    %ix/load 0, 8, 0;
    %assign/v0 v0x9e126f8_0, 0, 8;
    %jmp T_6.8;
T_6.8 ;
    %jmp T_6;
    .thread T_6, $push;
    .scope S_0x9e12508;
T_7 ;
    %wait E_0x9e12598;
    %load/v 8, v0x9e13768_0, 1;
    %mov 9, 0, 2;
    %cmpi/u 8, 1, 3;
    %jmp/0xz  T_7.0, 4;
    %ix/load 0, 1, 0;
    %assign/v0 v0x9e12ab8_0, 0, 1;
    %jmp T_7.1;
T_7.0 ;
    %ix/load 0, 1, 0;
    %assign/v0 v0x9e12ab8_0, 0, 0;
T_7.1 ;
    %jmp T_7;
    .thread T_7;
    .scope S_0x9e12508;
T_8 ;
    %wait E_0x9e122d8;
    %ix/load 1, 6, 0;
    %mov 4, 0, 1;
    %jmp/1 T_8.0, 4;
    %load/x1p 11, v0x9e12bd8_0, 1;
    %jmp T_8.1;
T_8.0 ;
    %mov 11, 2, 1;
T_8.1 ;
    %mov 8, 11, 1; Move signal select into place
    %ix/load 1, 7, 0;
    %mov 4, 0, 1;
    %jmp/1 T_8.2, 4;
    %load/x1p 11, v0x9e12bd8_0, 1;
    %jmp T_8.3;
T_8.2 ;
    %mov 11, 2, 1;
T_8.3 ;
    %mov 9, 11, 1; Move signal select into place
    %ix/load 1, 8, 0;
    %mov 4, 0, 1;
    %jmp/1 T_8.4, 4;
    %load/x1p 11, v0x9e12bd8_0, 1;
    %jmp T_8.5;
T_8.4 ;
    %mov 11, 2, 1;
T_8.5 ;
    %mov 10, 11, 1; Move signal select into place
    %set/v v0x9e12d48_0, 8, 3;
    %ix/load 1, 3, 0;
    %mov 4, 0, 1;
    %jmp/1 T_8.6, 4;
    %load/x1p 11, v0x9e12bd8_0, 1;
    %jmp T_8.7;
T_8.6 ;
    %mov 11, 2, 1;
T_8.7 ;
    %mov 8, 11, 1; Move signal select into place
    %ix/load 1, 4, 0;
    %mov 4, 0, 1;
    %jmp/1 T_8.8, 4;
    %load/x1p 11, v0x9e12bd8_0, 1;
    %jmp T_8.9;
T_8.8 ;
    %mov 11, 2, 1;
T_8.9 ;
    %mov 9, 11, 1; Move signal select into place
    %ix/load 1, 5, 0;
    %mov 4, 0, 1;
    %jmp/1 T_8.10, 4;
    %load/x1p 11, v0x9e12bd8_0, 1;
    %jmp T_8.11;
T_8.10 ;
    %mov 11, 2, 1;
T_8.11 ;
    %mov 10, 11, 1; Move signal select into place
    %set/v v0x9e136a0_0, 8, 3;
    %load/v 8, v0x9e12bd8_0, 1; Select 1 out of 9 bits
    %ix/load 1, 1, 0;
    %mov 4, 0, 1;
    %jmp/1 T_8.12, 4;
    %load/x1p 11, v0x9e12bd8_0, 1;
    %jmp T_8.13;
T_8.12 ;
    %mov 11, 2, 1;
T_8.13 ;
    %mov 9, 11, 1; Move signal select into place
    %ix/load 1, 2, 0;
    %mov 4, 0, 1;
    %jmp/1 T_8.14, 4;
    %load/x1p 11, v0x9e12bd8_0, 1;
    %jmp T_8.15;
T_8.14 ;
    %mov 11, 2, 1;
T_8.15 ;
    %mov 10, 11, 1; Move signal select into place
    %set/v v0x9e137e8_0, 8, 3;
    %ix/load 0, 1, 0;
    %assign/v0 v0x9e12ab8_0, 0, 0;
    %load/v 8, v0x9e12b08_0, 2;
    %cmpi/u 8, 0, 2;
    %jmp/1 T_8.16, 6;
    %cmpi/u 8, 1, 2;
    %jmp/1 T_8.17, 6;
    %cmpi/u 8, 2, 2;
    %jmp/1 T_8.18, 6;
    %cmpi/u 8, 3, 2;
    %jmp/1 T_8.19, 6;
    %jmp T_8.20;
T_8.16 ;
    %ix/load 0, 1, 0;
    %assign/v0 v0x9e13718_0, 0, 0;
    %ix/load 0, 1, 0;
    %assign/v0 v0x9e12ee8_0, 0, 0;
    %ix/load 0, 1, 0;
    %assign/v0 v0x9e12fc8_0, 0, 0;
    %ix/load 0, 1, 0;
    %assign/v0 v0x9e130f0_0, 0, 0;
    %ix/load 0, 1, 0;
    %assign/v0 v0x9e13200_0, 0, 0;
    %ix/load 0, 1, 0;
    %assign/v0 v0x9e132f8_0, 0, 0;
    %ix/load 0, 1, 0;
    %assign/v0 v0x9e133f8_0, 0, 0;
    %ix/load 0, 1, 0;
    %assign/v0 v0x9e13500_0, 0, 0;
    %ix/load 0, 1, 0;
    %assign/v0 v0x9e13498_0, 0, 0;
    %load/v 8, v0x9e12d48_0, 3;
    %cmpi/u 8, 7, 3;
    %jmp/0xz  T_8.21, 4;
    %ix/load 0, 1, 0;
    %assign/v0 v0x9e12cf8_0, 0, 1;
    %movi 8, 1, 2;
    %ix/load 0, 2, 0;
    %assign/v0 v0x9e13838_0, 0, 8;
    %ix/load 0, 1, 0;
    %assign/v0 v0x9e12c28_0, 0, 0;
    %ix/load 0, 1, 0;
    %assign/v0 v0x9e138c0_0, 0, 0;
    %jmp T_8.22;
T_8.21 ;
    %load/v 8, v0x9e12d48_0, 3;
    %cmpi/u 8, 5, 3;
    %jmp/0xz  T_8.23, 4;
    %ix/load 0, 1, 0;
    %assign/v0 v0x9e12cf8_0, 0, 1;
    %ix/load 0, 2, 0;
    %assign/v0 v0x9e13838_0, 0, 1;
    %ix/load 0, 1, 0;
    %assign/v0 v0x9e12c28_0, 0, 0;
    %ix/load 0, 1, 0;
    %assign/v0 v0x9e138c0_0, 0, 0;
    %jmp T_8.24;
T_8.23 ;
    %load/v 8, v0x9e12d48_0, 3;
    %cmpi/u 8, 0, 3;
    %jmp/0xz  T_8.25, 4;
    %ix/load 0, 1, 0;
    %assign/v0 v0x9e12cf8_0, 0, 1;
    %ix/load 0, 2, 0;
    %assign/v0 v0x9e13838_0, 0, 0;
    %ix/load 0, 1, 0;
    %assign/v0 v0x9e12c28_0, 0, 0;
    %ix/load 0, 1, 0;
    %assign/v0 v0x9e138c0_0, 0, 0;
    %jmp T_8.26;
T_8.25 ;
    %load/v 8, v0x9e12d48_0, 3;
    %cmpi/u 8, 1, 3;
    %jmp/0xz  T_8.27, 4;
    %ix/load 0, 1, 0;
    %assign/v0 v0x9e12cf8_0, 0, 1;
    %ix/load 0, 2, 0;
    %assign/v0 v0x9e13838_0, 0, 0;
    %ix/load 0, 1, 0;
    %assign/v0 v0x9e12c28_0, 0, 1;
    %ix/load 0, 1, 0;
    %assign/v0 v0x9e138c0_0, 0, 0;
    %jmp T_8.28;
T_8.27 ;
    %load/v 8, v0x9e12d48_0, 3;
    %cmpi/u 8, 2, 3;
    %jmp/0xz  T_8.29, 4;
    %ix/load 0, 1, 0;
    %assign/v0 v0x9e12cf8_0, 0, 0;
    %ix/load 0, 2, 0;
    %assign/v0 v0x9e13838_0, 0, 0;
    %ix/load 0, 1, 0;
    %assign/v0 v0x9e12c28_0, 0, 0;
    %ix/load 0, 1, 0;
    %assign/v0 v0x9e138c0_0, 0, 0;
    %jmp T_8.30;
T_8.29 ;
    %load/v 8, v0x9e12d48_0, 3;
    %cmpi/u 8, 4, 3;
    %jmp/0xz  T_8.31, 4;
    %ix/load 0, 1, 0;
    %assign/v0 v0x9e12cf8_0, 0, 1;
    %movi 8, 1, 2;
    %ix/load 0, 2, 0;
    %assign/v0 v0x9e13838_0, 0, 8;
    %ix/load 0, 1, 0;
    %assign/v0 v0x9e12c28_0, 0, 0;
    %ix/load 0, 1, 0;
    %assign/v0 v0x9e138c0_0, 0, 1;
T_8.31 ;
T_8.30 ;
T_8.28 ;
T_8.26 ;
T_8.24 ;
T_8.22 ;
    %jmp T_8.20;
T_8.17 ;
    %ix/load 0, 1, 0;
    %assign/v0 v0x9e12a38_0, 0, 1;
    %load/v 8, v0x9e13838_0, 2;
    %cmpi/u 8, 0, 2;
    %mov 8, 4, 1;
    %load/v 9, v0x9e13838_0, 2;
    %cmpi/u 9, 2, 2;
    %mov 9, 4, 1;
    %load/v 10, v0x9e138c0_0, 1;
    %mov 11, 0, 2;
    %cmpi/u 10, 1, 3;
    %mov 10, 4, 1;
    %and 9, 10, 1;
    %or 8, 9, 1;
    %jmp/0xz  T_8.33, 8;
    %ix/load 0, 1, 0;
    %assign/v0 v0x9e12b68_0, 0, 0;
    %ix/load 0, 1, 0;
    %assign/v0 v0x9e13718_0, 0, 0;
    %ix/load 1, 7, 0;
    %mov 4, 0, 1;
    %jmp/1 T_8.35, 4;
    %load/x1p 8, v0x9e12e08_0, 1;
    %jmp T_8.36;
T_8.35 ;
    %mov 8, 2, 1;
T_8.36 ;
; Save base=8 wid=1 in lookaside.
    %ix/load 0, 1, 0;
    %assign/v0 v0x9e12f58_0, 0, 8;
    %ix/load 1, 6, 0;
    %mov 4, 0, 1;
    %jmp/1 T_8.37, 4;
    %load/x1p 8, v0x9e12e08_0, 1;
    %jmp T_8.38;
T_8.37 ;
    %mov 8, 2, 1;
T_8.38 ;
; Save base=8 wid=1 in lookaside.
    %ix/load 0, 1, 0;
    %assign/v0 v0x9e13038_0, 0, 8;
    %ix/load 1, 5, 0;
    %mov 4, 0, 1;
    %jmp/1 T_8.39, 4;
    %load/x1p 8, v0x9e12e08_0, 1;
    %jmp T_8.40;
T_8.39 ;
    %mov 8, 2, 1;
T_8.40 ;
; Save base=8 wid=1 in lookaside.
    %ix/load 0, 1, 0;
    %assign/v0 v0x9e13160_0, 0, 8;
    %ix/load 1, 4, 0;
    %mov 4, 0, 1;
    %jmp/1 T_8.41, 4;
    %load/x1p 8, v0x9e12e08_0, 1;
    %jmp T_8.42;
T_8.41 ;
    %mov 8, 2, 1;
T_8.42 ;
; Save base=8 wid=1 in lookaside.
    %ix/load 0, 1, 0;
    %assign/v0 v0x9e13250_0, 0, 8;
    %ix/load 1, 3, 0;
    %mov 4, 0, 1;
    %jmp/1 T_8.43, 4;
    %load/x1p 8, v0x9e12e08_0, 1;
    %jmp T_8.44;
T_8.43 ;
    %mov 8, 2, 1;
T_8.44 ;
; Save base=8 wid=1 in lookaside.
    %ix/load 0, 1, 0;
    %assign/v0 v0x9e13348_0, 0, 8;
    %ix/load 1, 2, 0;
    %mov 4, 0, 1;
    %jmp/1 T_8.45, 4;
    %load/x1p 8, v0x9e12e08_0, 1;
    %jmp T_8.46;
T_8.45 ;
    %mov 8, 2, 1;
T_8.46 ;
; Save base=8 wid=1 in lookaside.
    %ix/load 0, 1, 0;
    %assign/v0 v0x9e13448_0, 0, 8;
    %ix/load 1, 1, 0;
    %mov 4, 0, 1;
    %jmp/1 T_8.47, 4;
    %load/x1p 8, v0x9e12e08_0, 1;
    %jmp T_8.48;
T_8.47 ;
    %mov 8, 2, 1;
T_8.48 ;
; Save base=8 wid=1 in lookaside.
    %ix/load 0, 1, 0;
    %assign/v0 v0x9e13550_0, 0, 8;
    %load/v 8, v0x9e12e08_0, 1; Only need 1 of 8 bits
; Save base=8 wid=1 in lookaside.
    %ix/load 0, 1, 0;
    %assign/v0 v0x9e13630_0, 0, 8;
    %jmp T_8.34;
T_8.33 ;
    %load/v 8, v0x9e13838_0, 2;
    %cmpi/u 8, 1, 2;
    %mov 8, 4, 1;
    %or 8, 1, 1;
    %jmp/0xz  T_8.49, 8;
    %ix/load 0, 1, 0;
    %assign/v0 v0x9e12b68_0, 0, 0;
    %ix/load 0, 1, 0;
    %assign/v0 v0x9e13718_0, 0, 0;
    %ix/load 0, 1, 0;
    %assign/v0 v0x9e12f58_0, 0, 0;
    %ix/load 0, 1, 0;
    %assign/v0 v0x9e13038_0, 0, 0;
    %ix/load 0, 1, 0;
    %assign/v0 v0x9e13160_0, 0, 0;
    %ix/load 0, 1, 0;
    %assign/v0 v0x9e13250_0, 0, 0;
    %ix/load 0, 1, 0;
    %assign/v0 v0x9e13348_0, 0, 0;
    %ix/load 0, 1, 0;
    %assign/v0 v0x9e13448_0, 0, 0;
    %ix/load 0, 1, 0;
    %assign/v0 v0x9e13550_0, 0, 0;
    %ix/load 0, 1, 0;
    %assign/v0 v0x9e13630_0, 0, 0;
T_8.49 ;
T_8.34 ;
    %jmp T_8.20;
T_8.18 ;
    %ix/load 0, 1, 0;
    %assign/v0 v0x9e12a38_0, 0, 0;
    %ix/load 0, 1, 0;
    %assign/v0 v0x9e135c0_0, 0, 1;
    %load/v 8, v0x9e13838_0, 2;
    %cmpi/u 8, 3, 2;
    %inv 4, 1;
    %jmp/0xz  T_8.51, 4;
    %ix/load 0, 1, 0;
    %assign/v0 v0x9e12b68_0, 0, 0;
    %ix/load 0, 1, 0;
    %assign/v0 v0x9e13718_0, 0, 0;
    %ix/load 1, 7, 0;
    %mov 4, 0, 1;
    %jmp/1 T_8.53, 4;
    %load/x1p 8, v0x9e12e78_0, 1;
    %jmp T_8.54;
T_8.53 ;
    %mov 8, 2, 1;
T_8.54 ;
; Save base=8 wid=1 in lookaside.
    %ix/load 0, 1, 0;
    %assign/v0 v0x9e12f58_0, 0, 8;
    %ix/load 1, 6, 0;
    %mov 4, 0, 1;
    %jmp/1 T_8.55, 4;
    %load/x1p 8, v0x9e12e78_0, 1;
    %jmp T_8.56;
T_8.55 ;
    %mov 8, 2, 1;
T_8.56 ;
; Save base=8 wid=1 in lookaside.
    %ix/load 0, 1, 0;
    %assign/v0 v0x9e13038_0, 0, 8;
    %ix/load 1, 5, 0;
    %mov 4, 0, 1;
    %jmp/1 T_8.57, 4;
    %load/x1p 8, v0x9e12e78_0, 1;
    %jmp T_8.58;
T_8.57 ;
    %mov 8, 2, 1;
T_8.58 ;
; Save base=8 wid=1 in lookaside.
    %ix/load 0, 1, 0;
    %assign/v0 v0x9e13160_0, 0, 8;
    %ix/load 1, 4, 0;
    %mov 4, 0, 1;
    %jmp/1 T_8.59, 4;
    %load/x1p 8, v0x9e12e78_0, 1;
    %jmp T_8.60;
T_8.59 ;
    %mov 8, 2, 1;
T_8.60 ;
; Save base=8 wid=1 in lookaside.
    %ix/load 0, 1, 0;
    %assign/v0 v0x9e13250_0, 0, 8;
    %ix/load 1, 3, 0;
    %mov 4, 0, 1;
    %jmp/1 T_8.61, 4;
    %load/x1p 8, v0x9e12e78_0, 1;
    %jmp T_8.62;
T_8.61 ;
    %mov 8, 2, 1;
T_8.62 ;
; Save base=8 wid=1 in lookaside.
    %ix/load 0, 1, 0;
    %assign/v0 v0x9e13348_0, 0, 8;
    %ix/load 1, 2, 0;
    %mov 4, 0, 1;
    %jmp/1 T_8.63, 4;
    %load/x1p 8, v0x9e12e78_0, 1;
    %jmp T_8.64;
T_8.63 ;
    %mov 8, 2, 1;
T_8.64 ;
; Save base=8 wid=1 in lookaside.
    %ix/load 0, 1, 0;
    %assign/v0 v0x9e13448_0, 0, 8;
    %ix/load 1, 1, 0;
    %mov 4, 0, 1;
    %jmp/1 T_8.65, 4;
    %load/x1p 8, v0x9e12e78_0, 1;
    %jmp T_8.66;
T_8.65 ;
    %mov 8, 2, 1;
T_8.66 ;
; Save base=8 wid=1 in lookaside.
    %ix/load 0, 1, 0;
    %assign/v0 v0x9e13550_0, 0, 8;
    %load/v 8, v0x9e12e78_0, 1; Only need 1 of 8 bits
; Save base=8 wid=1 in lookaside.
    %ix/load 0, 1, 0;
    %assign/v0 v0x9e13630_0, 0, 8;
    %jmp T_8.52;
T_8.51 ;
    %ix/load 0, 1, 0;
    %assign/v0 v0x9e12b68_0, 0, 1;
    %ix/load 0, 1, 0;
    %assign/v0 v0x9e13718_0, 0, 0;
T_8.52 ;
    %load/v 8, v0x9e12c28_0, 1;
    %mov 9, 0, 2;
    %cmpi/u 8, 1, 3;
    %jmp/0xz  T_8.67, 4;
    %ix/load 0, 1, 0;
    %assign/v0 v0x9e12c98_0, 0, 1;
T_8.67 ;
    %jmp T_8.20;
T_8.19 ;
    %ix/load 0, 1, 0;
    %assign/v0 v0x9e12c98_0, 0, 0;
    %ix/load 0, 1, 0;
    %assign/v0 v0x9e135c0_0, 0, 0;
    %ix/load 0, 1, 0;
    %assign/v0 v0x9e12b68_0, 0, 0;
    %ix/load 0, 1, 0;
    %assign/v0 v0x9e13718_0, 0, 1;
    %set/v v0x9e13838_0, 2, 2;
    %ix/load 1, 7, 0;
    %mov 4, 0, 1;
    %jmp/1 T_8.69, 4;
    %load/x1p 8, v0x9e12d98_0, 1;
    %jmp T_8.70;
T_8.69 ;
    %mov 8, 2, 1;
T_8.70 ;
; Save base=8 wid=1 in lookaside.
    %set/v v0x9e12ee8_0, 8, 1;
    %ix/load 1, 6, 0;
    %mov 4, 0, 1;
    %jmp/1 T_8.71, 4;
    %load/x1p 8, v0x9e12d98_0, 1;
    %jmp T_8.72;
T_8.71 ;
    %mov 8, 2, 1;
T_8.72 ;
; Save base=8 wid=1 in lookaside.
    %set/v v0x9e12fc8_0, 8, 1;
    %ix/load 1, 5, 0;
    %mov 4, 0, 1;
    %jmp/1 T_8.73, 4;
    %load/x1p 8, v0x9e12d98_0, 1;
    %jmp T_8.74;
T_8.73 ;
    %mov 8, 2, 1;
T_8.74 ;
; Save base=8 wid=1 in lookaside.
    %set/v v0x9e130f0_0, 8, 1;
    %ix/load 1, 4, 0;
    %mov 4, 0, 1;
    %jmp/1 T_8.75, 4;
    %load/x1p 8, v0x9e12d98_0, 1;
    %jmp T_8.76;
T_8.75 ;
    %mov 8, 2, 1;
T_8.76 ;
; Save base=8 wid=1 in lookaside.
    %set/v v0x9e13200_0, 8, 1;
    %ix/load 1, 3, 0;
    %mov 4, 0, 1;
    %jmp/1 T_8.77, 4;
    %load/x1p 8, v0x9e12d98_0, 1;
    %jmp T_8.78;
T_8.77 ;
    %mov 8, 2, 1;
T_8.78 ;
; Save base=8 wid=1 in lookaside.
    %set/v v0x9e132f8_0, 8, 1;
    %ix/load 1, 2, 0;
    %mov 4, 0, 1;
    %jmp/1 T_8.79, 4;
    %load/x1p 8, v0x9e12d98_0, 1;
    %jmp T_8.80;
T_8.79 ;
    %mov 8, 2, 1;
T_8.80 ;
; Save base=8 wid=1 in lookaside.
    %set/v v0x9e133f8_0, 8, 1;
    %ix/load 1, 1, 0;
    %mov 4, 0, 1;
    %jmp/1 T_8.81, 4;
    %load/x1p 8, v0x9e12d98_0, 1;
    %jmp T_8.82;
T_8.81 ;
    %mov 8, 2, 1;
T_8.82 ;
; Save base=8 wid=1 in lookaside.
    %set/v v0x9e13500_0, 8, 1;
    %load/v 8, v0x9e12d98_0, 1; Only need 1 of 8 bits
; Save base=8 wid=1 in lookaside.
    %set/v v0x9e13498_0, 8, 1;
    %jmp T_8.20;
T_8.20 ;
    %jmp T_8;
    .thread T_8, $push;
    .scope S_0x9e11b28;
T_9 ;
    %wait E_0x9e11ba8;
    %load/v 8, v0x9e11cb8_0, 1;
    %mov 9, 0, 2;
    %cmpi/u 8, 1, 3;
    %jmp/0xz  T_9.0, 4;
    %load/v 8, v0x9e11c58_0, 16;
    %ix/load 0, 16, 0;
    %assign/v0 v0x9e11bf8_0, 0, 8;
    %jmp T_9.1;
T_9.0 ;
    %load/v 8, v0x9e123c0_0, 1;
    %mov 9, 0, 2;
    %cmpi/u 8, 1, 3;
    %jmp/0xz  T_9.2, 4;
    %load/v 8, v0x9e11d18_0, 16;
    %ix/load 0, 16, 0;
    %assign/v0 v0x9e11bf8_0, 0, 8;
    %jmp T_9.3;
T_9.2 ;
    %load/v 8, v0x9e11e10_0, 1;
    %mov 9, 0, 2;
    %cmpi/u 8, 1, 3;
    %jmp/0xz  T_9.4, 4;
    %load/v 8, v0x9e11da0_0, 16;
    %ix/load 0, 16, 0;
    %assign/v0 v0x9e11bf8_0, 0, 8;
    %jmp T_9.5;
T_9.4 ;
    %load/v 8, v0x9e11ef0_0, 1;
    %mov 9, 0, 2;
    %cmpi/u 8, 1, 3;
    %jmp/0xz  T_9.6, 4;
    %load/v 8, v0x9e11e80_0, 16;
    %ix/load 0, 16, 0;
    %assign/v0 v0x9e11bf8_0, 0, 8;
    %jmp T_9.7;
T_9.6 ;
    %load/v 8, v0x9e11fb8_0, 1;
    %mov 9, 0, 2;
    %cmpi/u 8, 1, 3;
    %jmp/0xz  T_9.8, 4;
    %load/v 8, v0x9e11f68_0, 16;
    %ix/load 0, 16, 0;
    %assign/v0 v0x9e11bf8_0, 0, 8;
    %jmp T_9.9;
T_9.8 ;
    %load/v 8, v0x9e120a8_0, 1;
    %mov 9, 0, 2;
    %cmpi/u 8, 1, 3;
    %jmp/0xz  T_9.10, 4;
    %load/v 8, v0x9e12038_0, 16;
    %ix/load 0, 16, 0;
    %assign/v0 v0x9e11bf8_0, 0, 8;
    %jmp T_9.11;
T_9.10 ;
    %load/v 8, v0x9e12168_0, 1;
    %mov 9, 0, 2;
    %cmpi/u 8, 1, 3;
    %jmp/0xz  T_9.12, 4;
    %load/v 8, v0x9e120f8_0, 16;
    %ix/load 0, 16, 0;
    %assign/v0 v0x9e11bf8_0, 0, 8;
    %jmp T_9.13;
T_9.12 ;
    %load/v 8, v0x9e12268_0, 1;
    %mov 9, 0, 2;
    %cmpi/u 8, 1, 3;
    %jmp/0xz  T_9.14, 4;
    %load/v 8, v0x9e121f8_0, 16;
    %ix/load 0, 16, 0;
    %assign/v0 v0x9e11bf8_0, 0, 8;
    %jmp T_9.15;
T_9.14 ;
    %load/v 8, v0x9e12370_0, 1;
    %mov 9, 0, 2;
    %cmpi/u 8, 1, 3;
    %jmp/0xz  T_9.16, 4;
    %load/v 8, v0x9e12300_0, 16;
    %ix/load 0, 16, 0;
    %assign/v0 v0x9e11bf8_0, 0, 8;
    %jmp T_9.17;
T_9.16 ;
    %load/v 8, v0x9e12460_0, 1;
    %mov 9, 0, 2;
    %cmpi/u 8, 1, 3;
    %jmp/0xz  T_9.18, 4;
    %load/v 8, v0x9e12410_0, 16;
    %ix/load 0, 16, 0;
    %assign/v0 v0x9e11bf8_0, 0, 8;
    %jmp T_9.19;
T_9.18 ;
    %ix/load 0, 16, 0;
    %assign/v0 v0x9e11bf8_0, 0, 0;
T_9.19 ;
T_9.17 ;
T_9.15 ;
T_9.13 ;
T_9.11 ;
T_9.9 ;
T_9.7 ;
T_9.5 ;
T_9.3 ;
T_9.1 ;
    %jmp T_9;
    .thread T_9, $push;
    .scope S_0x9e118e0;
T_10 ;
    %wait E_0x9e105f0;
    %load/v 8, v0x9e11a50_0, 1;
    %mov 9, 0, 2;
    %cmpi/u 8, 1, 3;
    %jmp/0xz  T_10.0, 4;
    %load/v 8, v0x9e11980_0, 16;
    %load/v 24, v0x9e11a00_0, 16;
    %add 8, 24, 16;
    %set/v v0x9e11aa0_0, 8, 16;
    %jmp T_10.1;
T_10.0 ;
    %load/v 8, v0x9e11a50_0, 1;
    %mov 9, 0, 1;
    %cmpi/u 8, 0, 2;
    %jmp/0xz  T_10.2, 4;
    %load/v 8, v0x9e11980_0, 16;
    %load/v 24, v0x9e11a00_0, 16;
    %nand 8, 24, 16;
    %set/v v0x9e11aa0_0, 8, 16;
T_10.2 ;
T_10.1 ;
    %jmp T_10;
    .thread T_10, $push;
    .scope S_0x9e11688;
T_11 ;
    %wait E_0x9dd9d10;
    %load/v 8, v0x9e11768_0, 1;
    %jmp/0xz  T_11.0, 8;
    %load/v 8, v0x9e117c8_0, 16;
    %ix/load 0, 16, 0;
    %assign/v0 v0x9e10f68_0, 0, 8;
T_11.0 ;
    %jmp T_11;
    .thread T_11;
    .scope S_0x9e11428;
T_12 ;
    %wait E_0x9dd9d10;
    %load/v 8, v0x9e10c58_0, 1;
    %jmp/0xz  T_12.0, 8;
    %load/v 8, v0x9e115d0_0, 16;
    %ix/load 0, 16, 0;
    %assign/v0 v0x9e11620_0, 0, 8;
T_12.0 ;
    %jmp T_12;
    .thread T_12;
    .scope S_0x9e11230;
T_13 ;
    %wait E_0x9dd9d10;
    %load/v 8, v0x9e11310_0, 1;
    %jmp/0xz  T_13.0, 8;
    %load/v 8, v0x9e11370_0, 16;
    %ix/load 0, 16, 0;
    %assign/v0 v0x9e113c0_0, 0, 8;
T_13.0 ;
    %jmp T_13;
    .thread T_13;
    .scope S_0x9e11038;
T_14 ;
    %wait E_0x9dd9d10;
    %load/v 8, v0x9e11118_0, 1;
    %jmp/0xz  T_14.0, 8;
    %load/v 8, v0x9e11178_0, 16;
    %ix/load 0, 16, 0;
    %assign/v0 v0x9e111c8_0, 0, 8;
T_14.0 ;
    %jmp T_14;
    .thread T_14;
    .scope S_0x9e10dd8;
T_15 ;
    %wait E_0x9dd9d10;
    %load/v 8, v0x9e10eb8_0, 1;
    %jmp/0xz  T_15.0, 8;
    %load/v 8, v0x9e10f18_0, 16;
    %ix/load 0, 16, 0;
    %assign/v0 v0x9e10fd0_0, 0, 8;
T_15.0 ;
    %jmp T_15;
    .thread T_15;
    .scope S_0x9e10b78;
T_16 ;
    %wait E_0x9dd9d10;
    %load/v 8, v0x9e10cc0_0, 1;
    %jmp/0xz  T_16.0, 8;
    %load/v 8, v0x9e10d20_0, 16;
    %ix/load 0, 16, 0;
    %assign/v0 v0x9e10d70_0, 0, 8;
T_16.0 ;
    %jmp T_16;
    .thread T_16;
    .scope S_0x9e10958;
T_17 ;
    %wait E_0x9dd9d10;
    %load/v 8, v0x9e10a28_0, 1;
    %jmp/0xz  T_17.0, 8;
    %load/v 8, v0x9e10a88_0, 16;
    %ix/load 0, 16, 0;
    %assign/v0 v0x9e10b10_0, 0, 8;
T_17.0 ;
    %jmp T_17;
    .thread T_17;
    .scope S_0x9e10728;
T_18 ;
    %wait E_0x9dd9d10;
    %load/v 8, v0x9e10840_0, 1;
    %jmp/0xz  T_18.0, 8;
    %load/v 8, v0x9e108a0_0, 16;
    %ix/load 0, 16, 0;
    %assign/v0 v0x9e108f0_0, 0, 8;
T_18.0 ;
    %jmp T_18;
    .thread T_18;
    .scope S_0x9e10510;
T_19 ;
    %wait E_0x9dd9d10;
    %load/v 8, v0x9e10610_0, 1;
    %jmp/0xz  T_19.0, 8;
    %load/v 8, v0x9e10660_0, 16;
    %ix/load 0, 16, 0;
    %assign/v0 v0x9e106c0_0, 0, 8;
T_19.0 ;
    %jmp T_19;
    .thread T_19;
    .scope S_0x9dd02a8;
T_20 ;
    %wait E_0x9dd9d10;
    %load/v 8, v0x9e103e8_0, 1;
    %jmp/0xz  T_20.0, 8;
    %load/v 8, v0x9e10448_0, 16;
    %ix/load 0, 16, 0;
    %assign/v0 v0x9e104a8_0, 0, 8;
T_20.0 ;
    %jmp T_20;
    .thread T_20;
    .scope S_0x9dd0228;
T_21 ;
    %wait E_0x9dda920;
    %load/v 8, v0x9e13fb8_0, 16;
    %ix/load 0, 16, 0;
    %assign/v0 v0x9e14538_0, 0, 8;
    %jmp T_21;
    .thread T_21, $push;
    .scope S_0x9dd0228;
T_22 ;
    %wait E_0x9e13b90;
    %ix/load 1, 7, 0;
    %mov 4, 0, 1;
    %jmp/1 T_22.0, 4;
    %load/x1p 17, v0x9e141f0_0, 1;
    %jmp T_22.1;
T_22.0 ;
    %mov 17, 2, 1;
T_22.1 ;
    %mov 8, 17, 1; Move signal select into place
    %ix/load 1, 8, 0;
    %mov 4, 0, 1;
    %jmp/1 T_22.2, 4;
    %load/x1p 17, v0x9e141f0_0, 1;
    %jmp T_22.3;
T_22.2 ;
    %mov 17, 2, 1;
T_22.3 ;
    %mov 9, 17, 1; Move signal select into place
    %ix/load 1, 9, 0;
    %mov 4, 0, 1;
    %jmp/1 T_22.4, 4;
    %load/x1p 17, v0x9e141f0_0, 1;
    %jmp T_22.5;
T_22.4 ;
    %mov 17, 2, 1;
T_22.5 ;
    %mov 10, 17, 1; Move signal select into place
    %ix/load 1, 10, 0;
    %mov 4, 0, 1;
    %jmp/1 T_22.6, 4;
    %load/x1p 17, v0x9e141f0_0, 1;
    %jmp T_22.7;
T_22.6 ;
    %mov 17, 2, 1;
T_22.7 ;
    %mov 11, 17, 1; Move signal select into place
    %ix/load 1, 11, 0;
    %mov 4, 0, 1;
    %jmp/1 T_22.8, 4;
    %load/x1p 17, v0x9e141f0_0, 1;
    %jmp T_22.9;
T_22.8 ;
    %mov 17, 2, 1;
T_22.9 ;
    %mov 12, 17, 1; Move signal select into place
    %ix/load 1, 12, 0;
    %mov 4, 0, 1;
    %jmp/1 T_22.10, 4;
    %load/x1p 17, v0x9e141f0_0, 1;
    %jmp T_22.11;
T_22.10 ;
    %mov 17, 2, 1;
T_22.11 ;
    %mov 13, 17, 1; Move signal select into place
    %ix/load 1, 13, 0;
    %mov 4, 0, 1;
    %jmp/1 T_22.12, 4;
    %load/x1p 17, v0x9e141f0_0, 1;
    %jmp T_22.13;
T_22.12 ;
    %mov 17, 2, 1;
T_22.13 ;
    %mov 14, 17, 1; Move signal select into place
    %ix/load 1, 14, 0;
    %mov 4, 0, 1;
    %jmp/1 T_22.14, 4;
    %load/x1p 17, v0x9e141f0_0, 1;
    %jmp T_22.15;
T_22.14 ;
    %mov 17, 2, 1;
T_22.15 ;
    %mov 15, 17, 1; Move signal select into place
    %ix/load 1, 15, 0;
    %mov 4, 0, 1;
    %jmp/1 T_22.16, 4;
    %load/x1p 17, v0x9e141f0_0, 1;
    %jmp T_22.17;
T_22.16 ;
    %mov 17, 2, 1;
T_22.17 ;
    %mov 16, 17, 1; Move signal select into place
    %ix/load 0, 9, 0;
    %assign/v0 v0x9e14240_0, 0, 8;
    %jmp T_22;
    .thread T_22, $push;
    .scope S_0x9dc6d10;
T_23 ;
    %set/v v0x9e15638_0, 0, 1;
    %end;
    .thread T_23;
    .scope S_0x9dc6d10;
T_24 ;
    %set/v v0x9e15710_0, 1, 1;
    %end;
    .thread T_24;
    .scope S_0x9dc6d10;
T_25 ;
    %delay 1, 0;
    %load/v 8, v0x9e15638_0, 1;
    %inv 8, 1;
    %set/v v0x9e15638_0, 8, 1;
    %jmp T_25;
    .thread T_25;
    .scope S_0x9dc6d10;
T_26 ;
    %vpi_call 2 9 "$dumpfile", "testbench.vcd";
    %end;
    .thread T_26;
    .scope S_0x9dc6d10;
T_27 ;
    %vpi_call 2 10 "$dumpvars", 1'sb0, S_0x9dc6d10;
    %end;
    .thread T_27;
    .scope S_0x9dc6d10;
T_28 ;
    %delay 0, 0;
    %set/v v0x9e15710_0, 0, 1;
    %delay 8, 0;
    %movi 8, 40988, 16;
    %set/v v0x9e15688_0, 8, 16;
    %delay 8, 0;
    %movi 8, 41994, 16;
    %set/v v0x9e15688_0, 8, 16;
    %delay 8, 0;
    %movi 8, 8320, 16;
    %set/v v0x9e15688_0, 8, 16;
    %delay 8, 0;
    %movi 8, 59392, 16;
    %set/v v0x9e15688_0, 8, 16;
    %delay 8, 0;
    %movi 8, 60672, 16;
    %set/v v0x9e15688_0, 8, 16;
    %delay 8, 0;
    %movi 8, 3456, 16;
    %set/v v0x9e15688_0, 8, 16;
    %delay 8, 0;
    %movi 8, 10496, 16;
    %set/v v0x9e15688_0, 8, 16;
    %delay 8, 0;
    %movi 8, 17664, 16;
    %set/v v0x9e15688_0, 8, 16;
    %delay 8, 0;
    %movi 8, 32768, 16;
    %set/v v0x9e15688_0, 8, 16;
    %delay 8, 0;
    %vpi_call 2 24 "$finish";
    %end;
    .thread T_28;
# The file index is used to find the file name in the following table.
:file_names 12;
    "N/A";
    "<interactive>";
    "testbench.v";
    "./processador.v";
    "./compl2.v";
    "./extensor.v";
    "./contador.v";
    "./unidade_controle.v";
    "./decodificador.v";
    "./mult.v";
    "./ula.v";
    "./register.v";
