#! /usr/bin/vvp
:ivl_version "0.9.7 " "(v0_9_7)";
:vpi_time_precision + 0;
:vpi_module "system";
:vpi_module "v2005_math";
:vpi_module "va_math";
S_0x9c7690 .scope module, "testbench" "testbench" 2 3;
 .timescale 0 0;
v0xa1a830_0 .var "clear", 0 0;
v0xa1a8d0_0 .var "clock", 0 0;
v0xa1a980_0 .net "dataReadA", 31 0, v0xa1a250_0; 1 drivers
v0xa1aa30_0 .net "dataReadB", 31 0, v0xa1a2f0_0; 1 drivers
v0xa1ab10_0 .var "readRegA", 4 0;
v0xa1abc0_0 .var "readRegB", 4 0;
v0xa1ac40_0 .var "readWrite", 0 0;
v0xa1acf0_0 .var "writeData", 31 0;
v0xa1ada0_0 .var "writeReg", 4 0;
S_0x9c7780 .scope module, "c" "bank" 2 16, 3 1, S_0x9c7690;
 .timescale 0 0;
v0x9c7870_0 .net "clear", 0 0, v0xa1a830_0; 1 drivers
v0xa1a1b0_0 .net "clock", 0 0, v0xa1a8d0_0; 1 drivers
v0xa1a250_0 .var "dataReadA", 31 0;
v0xa1a2f0_0 .var "dataReadB", 31 0;
v0xa1a3a0_0 .net "readRegA", 4 0, v0xa1ab10_0; 1 drivers
v0xa1a440_0 .net "readRegB", 4 0, v0xa1abc0_0; 1 drivers
v0xa1a520_0 .net "readWrite", 0 0, v0xa1ac40_0; 1 drivers
v0xa1a5c0 .array "register", 0 31, 31 0;
v0xa1a690_0 .net "writeData", 31 0, v0xa1acf0_0; 1 drivers
v0xa1a730_0 .net "writeReg", 4 0, v0xa1ada0_0; 1 drivers
E_0x9ee4f0 .event posedge, v0xa1a1b0_0;
    .scope S_0x9c7780;
T_0 ;
    %wait E_0x9ee4f0;
   %ix/load 1, 0, 0;
   %ix/load 3, 0, 0;
   %set/av v0xa1a5c0, 0, 32;
    %movi 8, 2, 32;
   %ix/load 1, 0, 0;
   %ix/load 3, 1, 0;
   %set/av v0xa1a5c0, 8, 32;
    %movi 8, 4, 32;
   %ix/load 1, 0, 0;
   %ix/load 3, 2, 0;
   %set/av v0xa1a5c0, 8, 32;
    %movi 8, 6, 32;
   %ix/load 1, 0, 0;
   %ix/load 3, 3, 0;
   %set/av v0xa1a5c0, 8, 32;
    %movi 8, 8, 32;
   %ix/load 1, 0, 0;
   %ix/load 3, 4, 0;
   %set/av v0xa1a5c0, 8, 32;
    %movi 8, 10, 32;
   %ix/load 1, 0, 0;
   %ix/load 3, 5, 0;
   %set/av v0xa1a5c0, 8, 32;
    %movi 8, 12, 32;
   %ix/load 1, 0, 0;
   %ix/load 3, 6, 0;
   %set/av v0xa1a5c0, 8, 32;
    %movi 8, 14, 32;
   %ix/load 1, 0, 0;
   %ix/load 3, 7, 0;
   %set/av v0xa1a5c0, 8, 32;
    %movi 8, 16, 32;
   %ix/load 1, 0, 0;
   %ix/load 3, 8, 0;
   %set/av v0xa1a5c0, 8, 32;
    %movi 8, 18, 32;
   %ix/load 1, 0, 0;
   %ix/load 3, 9, 0;
   %set/av v0xa1a5c0, 8, 32;
    %movi 8, 20, 32;
   %ix/load 1, 0, 0;
   %ix/load 3, 10, 0;
   %set/av v0xa1a5c0, 8, 32;
    %movi 8, 22, 32;
   %ix/load 1, 0, 0;
   %ix/load 3, 11, 0;
   %set/av v0xa1a5c0, 8, 32;
    %movi 8, 24, 32;
   %ix/load 1, 0, 0;
   %ix/load 3, 12, 0;
   %set/av v0xa1a5c0, 8, 32;
    %movi 8, 26, 32;
   %ix/load 1, 0, 0;
   %ix/load 3, 13, 0;
   %set/av v0xa1a5c0, 8, 32;
    %movi 8, 28, 32;
   %ix/load 1, 0, 0;
   %ix/load 3, 14, 0;
   %set/av v0xa1a5c0, 8, 32;
    %movi 8, 30, 32;
   %ix/load 1, 0, 0;
   %ix/load 3, 15, 0;
   %set/av v0xa1a5c0, 8, 32;
    %movi 8, 32, 32;
   %ix/load 1, 0, 0;
   %ix/load 3, 16, 0;
   %set/av v0xa1a5c0, 8, 32;
    %movi 8, 34, 32;
   %ix/load 1, 0, 0;
   %ix/load 3, 17, 0;
   %set/av v0xa1a5c0, 8, 32;
    %movi 8, 36, 32;
   %ix/load 1, 0, 0;
   %ix/load 3, 18, 0;
   %set/av v0xa1a5c0, 8, 32;
    %movi 8, 38, 32;
   %ix/load 1, 0, 0;
   %ix/load 3, 19, 0;
   %set/av v0xa1a5c0, 8, 32;
    %movi 8, 40, 32;
   %ix/load 1, 0, 0;
   %ix/load 3, 20, 0;
   %set/av v0xa1a5c0, 8, 32;
    %movi 8, 42, 32;
   %ix/load 1, 0, 0;
   %ix/load 3, 21, 0;
   %set/av v0xa1a5c0, 8, 32;
    %movi 8, 44, 32;
   %ix/load 1, 0, 0;
   %ix/load 3, 22, 0;
   %set/av v0xa1a5c0, 8, 32;
    %movi 8, 46, 32;
   %ix/load 1, 0, 0;
   %ix/load 3, 23, 0;
   %set/av v0xa1a5c0, 8, 32;
    %movi 8, 48, 32;
   %ix/load 1, 0, 0;
   %ix/load 3, 24, 0;
   %set/av v0xa1a5c0, 8, 32;
    %movi 8, 50, 32;
   %ix/load 1, 0, 0;
   %ix/load 3, 25, 0;
   %set/av v0xa1a5c0, 8, 32;
    %movi 8, 52, 32;
   %ix/load 1, 0, 0;
   %ix/load 3, 26, 0;
   %set/av v0xa1a5c0, 8, 32;
    %movi 8, 54, 32;
   %ix/load 1, 0, 0;
   %ix/load 3, 27, 0;
   %set/av v0xa1a5c0, 8, 32;
    %movi 8, 56, 32;
   %ix/load 1, 0, 0;
   %ix/load 3, 28, 0;
   %set/av v0xa1a5c0, 8, 32;
    %movi 8, 58, 32;
   %ix/load 1, 0, 0;
   %ix/load 3, 29, 0;
   %set/av v0xa1a5c0, 8, 32;
    %movi 8, 60, 32;
   %ix/load 1, 0, 0;
   %ix/load 3, 30, 0;
   %set/av v0xa1a5c0, 8, 32;
    %movi 8, 62, 32;
   %ix/load 1, 0, 0;
   %ix/load 3, 31, 0;
   %set/av v0xa1a5c0, 8, 32;
    %ix/getv 3, v0xa1a3a0_0;
    %load/av 8, v0xa1a5c0, 32;
    %set/v v0xa1a250_0, 8, 32;
    %ix/getv 3, v0xa1a440_0;
    %load/av 8, v0xa1a5c0, 32;
    %set/v v0xa1a2f0_0, 8, 32;
    %load/v 8, v0xa1a520_0, 1;
    %mov 9, 0, 2;
    %cmpi/u 8, 1, 3;
    %jmp/0xz  T_0.0, 4;
    %load/v 8, v0xa1a690_0, 32;
    %ix/getv 3, v0xa1a730_0;
   %jmp/1 t_0, 4;
   %ix/load 1, 0, 0;
   %set/av v0xa1a5c0, 8, 32;
t_0 ;
T_0.0 ;
    %load/v 8, v0x9c7870_0, 1;
    %mov 9, 0, 2;
    %cmpi/u 8, 1, 3;
    %jmp/0xz  T_0.2, 4;
    %set/v v0xa1a250_0, 0, 32;
    %set/v v0xa1a2f0_0, 0, 32;
T_0.2 ;
    %jmp T_0;
    .thread T_0;
    .scope S_0x9c7690;
T_1 ;
    %set/v v0xa1a8d0_0, 0, 1;
    %end;
    .thread T_1;
    .scope S_0x9c7690;
T_2 ;
    %set/v v0xa1a830_0, 0, 1;
    %end;
    .thread T_2;
    .scope S_0x9c7690;
T_3 ;
    %delay 1, 0;
    %load/v 8, v0xa1a8d0_0, 1;
    %inv 8, 1;
    %set/v v0xa1a8d0_0, 8, 1;
    %jmp T_3;
    .thread T_3;
    .scope S_0x9c7690;
T_4 ;
    %vpi_call 2 13 "$dumpfile", "testbench.vcd";
    %end;
    .thread T_4;
    .scope S_0x9c7690;
T_5 ;
    %vpi_call 2 14 "$dumpvars", 1'sb0, S_0x9c7690;
    %end;
    .thread T_5;
    .scope S_0x9c7690;
T_6 ;
    %delay 1, 0;
    %set/v v0xa1a830_0, 1, 1;
    %delay 1, 0;
    %set/v v0xa1a830_0, 0, 1;
    %delay 1, 0;
    %movi 8, 4, 5;
    %set/v v0xa1ab10_0, 8, 5;
    %delay 1, 0;
    %movi 8, 7, 5;
    %set/v v0xa1abc0_0, 8, 5;
    %delay 1, 0;
    %set/v v0xa1ac40_0, 1, 1;
    %delay 0, 0;
    %movi 8, 22, 32;
    %set/v v0xa1acf0_0, 8, 32;
    %delay 0, 0;
    %movi 8, 20, 5;
    %set/v v0xa1ada0_0, 8, 5;
    %delay 1, 0;
    %set/v v0xa1ac40_0, 0, 1;
    %delay 5, 0;
    %set/v v0xa1a830_0, 1, 1;
    %delay 5, 0;
    %vpi_call 2 29 "$finish";
    %end;
    .thread T_6;
# The file index is used to find the file name in the following table.
:file_names 4;
    "N/A";
    "<interactive>";
    "testbench.v";
    "./bank.v";
