#! /usr/bin/vvp
:ivl_version "0.9.7 " "(v0_9_7)";
:vpi_time_precision + 0;
:vpi_module "system";
:vpi_module "v2005_math";
:vpi_module "va_math";
S_0x26c9440 .scope module, "testbench" "testbench" 2 3;
 .timescale 0 0;
v0x26eed90_0 .net "bus", 15 0, v0x26ed510_0; 1 drivers
v0x26eee10_0 .var "clock", 0 0;
v0x26ef090_0 .var "iin", 15 0;
v0x26ef160_0 .var "resetn", 0 0;
S_0x2693f80 .scope module, "p" "processor" 2 15, 3 10, S_0x26c9440;
 .timescale 0 0;
v0x26ecc00_0 .net "OperationSelect", 0 0, v0x26eaff0_0; 1 drivers
v0x26ecc80_0 .net "a", 15 0, v0x26e6c70_0; 1 drivers
v0x26ecd50_0 .net "a_enable", 0 0, v0x26eab90_0; 1 drivers
v0x26ece20_0 .net "bus", 15 0, v0x26ecb80_0; 1 drivers
v0x26ecea0_0 .net "clear", 0 0, v0x26eac40_0; 1 drivers
v0x26ecf20_0 .net "clock", 0 0, v0x26eee10_0; 1 drivers
v0x26ecfa0_0 .net "cont", 1 0, v0x26ec580_0; 1 drivers
v0x26ed070_0 .net "iin", 15 0, v0x26ef090_0; 1 drivers
v0x26ed140_0 .net "imediate", 15 0, v0x26ec850_0; 1 drivers
v0x26ed210_0 .net "imediate_select", 0 0, C4<z>; 0 drivers
v0x26ed290_0 .net "immediate_select", 0 0, v0x26ead60_0; 1 drivers
v0x26ed310_0 .var "in", 8 0;
v0x26ed390_0 .net "negativo", 0 0, v0x26eaf50_0; 1 drivers
v0x26ed410_0 .net "out", 15 0, v0x26e9170_0; 1 drivers
v0x26ed510_0 .var "outputProcessor", 15 0;
v0x26ed590_0 .net "r", 15 0, v0x26e7010_0; 1 drivers
v0x26ed490_0 .net "r0", 15 0, v0x26e8d70_0; 1 drivers
v0x26ed740_0 .net "r0_enable", 0 0, v0x26eb300_0; 1 drivers
v0x26ed860_0 .net "r0_select", 0 0, v0x26eb3b0_0; 1 drivers
v0x26ed930_0 .net "r1", 15 0, v0x26e7ae0_0; 1 drivers
v0x26eda60_0 .net "r1_enable", 0 0, v0x26eb4e0_0; 1 drivers
v0x26edae0_0 .net "r1_select", 0 0, v0x26eb590_0; 1 drivers
v0x26edc20_0 .net "r2", 15 0, v0x26e8590_0; 1 drivers
v0x26edca0_0 .net "r2_enable", 0 0, v0x26eb430_0; 1 drivers
v0x26eddf0_0 .net "r2_select", 0 0, v0x26eb700_0; 1 drivers
v0x26ede70_0 .net "r3", 15 0, v0x26e8230_0; 1 drivers
v0x26edd70_0 .net "r3_enable", 0 0, v0x26eb820_0; 1 drivers
v0x26ee020_0 .net "r3_select", 0 0, v0x26eb8a0_0; 1 drivers
v0x26edf40_0 .net "r4", 15 0, v0x26e7ed0_0; 1 drivers
v0x26ee1e0_0 .net "r4_enable", 0 0, v0x26eb780_0; 1 drivers
v0x26ee0f0_0 .net "r4_select", 0 0, v0x26eba00_0; 1 drivers
v0x26ee3b0_0 .net "r5", 15 0, v0x26e7b70_0; 1 drivers
v0x26ee2b0_0 .net "r5_enable", 0 0, v0x26eb950_0; 1 drivers
v0x26ee590_0 .net "r5_select", 0 0, v0x26ebb70_0; 1 drivers
v0x26ee480_0 .net "r6", 15 0, v0x26e7720_0; 1 drivers
v0x26ee780_0 .net "r6_enable", 0 0, v0x26ebab0_0; 1 drivers
v0x26ee660_0 .net "r6_select", 0 0, v0x26ebcf0_0; 1 drivers
v0x26ee930_0 .net "r7", 15 0, v0x26e73f0_0; 1 drivers
v0x26ee850_0 .net "r7_enable", 0 0, v0x26ebc20_0; 1 drivers
v0x26eeaf0_0 .net "r7_select", 0 0, v0x26ebe80_0; 1 drivers
v0x26eea00_0 .net "r_enable", 0 0, v0x26ebda0_0; 1 drivers
v0x26eecc0_0 .net "r_select", 0 0, v0x26ebff0_0; 1 drivers
v0x26eebc0_0 .net "resetn", 0 0, v0x26ef160_0; 1 drivers
v0x26eeea0_0 .net "saida", 15 0, v0x26e93a0_0; 1 drivers
E_0x268e7d0 .event edge, v0x26e6bd0_0;
S_0x26ec900 .scope module, "comp" "complement" 3 34, 4 1, S_0x2693f80;
 .timescale 0 0;
v0x26eca20_0 .alias "enable", 0 0, v0x26ed390_0;
v0x26ecad0_0 .alias "iin", 15 0, v0x26eeea0_0;
v0x26ecb80_0 .var "out", 15 0;
E_0x26ec9f0 .event edge, v0x26eaf50_0, v0x26e93a0_0;
S_0x26ec630 .scope module, "ext" "extensor" 3 36, 5 1, S_0x2693f80;
 .timescale 0 0;
v0x26ec750_0 .alias "iin", 15 0, v0x26ed070_0;
v0x26ec7d0_0 .var "imediate", 9 0;
v0x26ec850_0 .var "out", 15 0;
E_0x26ec720 .event edge, v0x26ec750_0;
S_0x26ec390 .scope module, "count" "counter" 3 38, 6 1, S_0x2693f80;
 .timescale 0 0;
v0x26ec480_0 .alias "clear", 0 0, v0x26eebc0_0;
v0x26ec500_0 .alias "clock", 0 0, v0x26ecf20_0;
v0x26ec580_0 .var "out", 1 0;
S_0x26ea240 .scope module, "ctrl" "control_unit" 3 40, 7 1, S_0x2693f80;
 .timescale 0 0;
v0x26eab90_0 .var "a_enable", 0 0;
v0x26eac40_0 .var "clear", 0 0;
v0x26eacc0_0 .alias "count", 1 0, v0x26ecfa0_0;
v0x26ead60_0 .var "immediate_select", 0 0;
v0x26eae10_0 .net "in", 8 0, v0x26ed310_0; 1 drivers
v0x26eaeb0_0 .var "negar", 0 0;
v0x26eaf50_0 .var "negativo", 0 0;
v0x26eaff0_0 .var "opSelect", 0 0;
v0x26eb070_0 .var "operation", 2 0;
v0x26eb0f0_0 .net "outEnableRegister", 7 0, v0x26ea510_0; 1 drivers
v0x26eb1a0_0 .net "outRegistera", 7 0, v0x26eaa20_0; 1 drivers
v0x26eb250_0 .net "outRegisterb", 7 0, v0x26ea7d0_0; 1 drivers
v0x26eb300_0 .var "r0_enable", 0 0;
v0x26eb3b0_0 .var "r0_select", 0 0;
v0x26eb4e0_0 .var "r1_enable", 0 0;
v0x26eb590_0 .var "r1_select", 0 0;
v0x26eb430_0 .var "r2_enable", 0 0;
v0x26eb700_0 .var "r2_select", 0 0;
v0x26eb820_0 .var "r3_enable", 0 0;
v0x26eb8a0_0 .var "r3_select", 0 0;
v0x26eb780_0 .var "r4_enable", 0 0;
v0x26eba00_0 .var "r4_select", 0 0;
v0x26eb950_0 .var "r5_enable", 0 0;
v0x26ebb70_0 .var "r5_select", 0 0;
v0x26ebab0_0 .var "r6_enable", 0 0;
v0x26ebcf0_0 .var "r6_select", 0 0;
v0x26ebc20_0 .var "r7_enable", 0 0;
v0x26ebe80_0 .var "r7_select", 0 0;
v0x26ebda0_0 .var "r_enable", 0 0;
v0x26ebff0_0 .var "r_select", 0 0;
v0x26ebf30_0 .var "registera", 2 0;
v0x26ec170_0 .var "registerb", 2 0;
v0x26ec070_0 .alias "resetn", 0 0, v0x26eebc0_0;
v0x26ec0f0_0 .var "saida", 0 0;
v0x26ec310_0 .var "status", 1 0;
E_0x26ea330 .event edge, v0x26eacc0_0, v0x26eae10_0;
E_0x26ea360 .event posedge, v0x26ec070_0;
S_0x26ea930 .scope module, "dec_1" "decoder" 7 15, 8 1, S_0x26ea240;
 .timescale 0 0;
v0x26eaa20_0 .var "out", 7 0;
v0x26eaae0_0 .net "register", 2 0, v0x26ebf30_0; 1 drivers
S_0x26ea670 .scope module, "dec_2" "decoder" 7 16, 8 1, S_0x26ea240;
 .timescale 0 0;
v0x26ea7d0_0 .var "out", 7 0;
v0x26ea890_0 .net "register", 2 0, v0x26ec170_0; 1 drivers
E_0x26ea760 .event edge, v0x26ea890_0;
S_0x26ea3b0 .scope module, "dec_3" "decoder" 7 17, 8 1, S_0x26ea240;
 .timescale 0 0;
v0x26ea510_0 .var "out", 7 0;
v0x26ea5d0_0 .alias "register", 2 0, v0x26eaae0_0;
E_0x26ea4a0 .event edge, v0x26ea5d0_0;
S_0x26e9220 .scope module, "mux" "multiplexer" 3 42, 9 1, S_0x2693f80;
 .timescale 0 0;
v0x26e93a0_0 .var "bus", 15 0;
v0x26e9460_0 .alias "imediate", 15 0, v0x26ed140_0;
v0x26e9500_0 .alias "imediate_select", 0 0, v0x26ed210_0;
v0x26e95a0_0 .alias "r", 15 0, v0x26ed590_0;
v0x26e9680_0 .alias "r0", 15 0, v0x26ed490_0;
v0x26e9730_0 .alias "r0_select", 0 0, v0x26ed860_0;
v0x26e97f0_0 .alias "r1", 15 0, v0x26ed930_0;
v0x26e9870_0 .alias "r1_select", 0 0, v0x26edae0_0;
v0x26e98f0_0 .alias "r2", 15 0, v0x26edc20_0;
v0x26e99a0_0 .alias "r2_select", 0 0, v0x26eddf0_0;
v0x26e9a80_0 .alias "r3", 15 0, v0x26ede70_0;
v0x26e9b30_0 .alias "r3_select", 0 0, v0x26ee020_0;
v0x26e9c20_0 .alias "r4", 15 0, v0x26edf40_0;
v0x26e9cd0_0 .alias "r4_select", 0 0, v0x26ee0f0_0;
v0x26e9dd0_0 .alias "r5", 15 0, v0x26ee3b0_0;
v0x26e9e80_0 .alias "r5_select", 0 0, v0x26ee590_0;
v0x26e9d50_0 .alias "r6", 15 0, v0x26ee480_0;
v0x26e9fc0_0 .alias "r6_select", 0 0, v0x26ee660_0;
v0x26e9f00_0 .alias "r7", 15 0, v0x26ee930_0;
v0x26ea110_0 .alias "r7_select", 0 0, v0x26eeaf0_0;
v0x26ea040_0 .alias "r_select", 0 0, v0x26eecc0_0;
E_0x26e9310/0 .event edge, v0x26ea110_0, v0x26e9fc0_0, v0x26e9e80_0, v0x26e9cd0_0;
E_0x26e9310/1 .event edge, v0x26e9b30_0, v0x26e99a0_0, v0x26e9870_0, v0x26e9730_0;
E_0x26e9310/2 .event edge, v0x26ea040_0, v0x26e9500_0;
E_0x26e9310 .event/or E_0x26e9310/0, E_0x26e9310/1, E_0x26e9310/2;
S_0x26e8e20 .scope module, "alu" "alu" 3 44, 10 1, S_0x2693f80;
 .timescale 0 0;
v0x26e8f80_0 .alias "OpSelect", 0 0, v0x26ecc00_0;
v0x26e9040_0 .alias "a", 15 0, v0x26ecc80_0;
v0x26e90f0_0 .alias "b", 15 0, v0x26ece20_0;
v0x26e9170_0 .var "result", 15 0;
E_0x26e8f10 .event edge, v0x26e8f80_0, v0x26e6c70_0, v0x26e6bd0_0;
S_0x26e8ac0 .scope module, "R0" "register_bank" 3 45, 11 1, S_0x2693f80;
 .timescale 0 0;
v0x26e8bb0_0 .alias "clock", 0 0, v0x26ecf20_0;
v0x26e8c50_0 .alias "enable", 0 0, v0x26ed740_0;
v0x26e8cf0_0 .alias "in", 15 0, v0x26ece20_0;
v0x26e8d70_0 .var "out", 15 0;
S_0x26e8640 .scope module, "R1" "register_bank" 3 46, 11 1, S_0x2693f80;
 .timescale 0 0;
v0x26e8730_0 .alias "clock", 0 0, v0x26ecf20_0;
v0x26e7930_0 .alias "enable", 0 0, v0x26eda60_0;
v0x26e8900_0 .alias "in", 15 0, v0x26ece20_0;
v0x26e7ae0_0 .var "out", 15 0;
S_0x26e82e0 .scope module, "R2" "register_bank" 3 47, 11 1, S_0x2693f80;
 .timescale 0 0;
v0x26e83d0_0 .alias "clock", 0 0, v0x26ecf20_0;
v0x26e8470_0 .alias "enable", 0 0, v0x26edca0_0;
v0x26e8510_0 .alias "in", 15 0, v0x26ece20_0;
v0x26e8590_0 .var "out", 15 0;
S_0x26e7f80 .scope module, "R3" "register_bank" 3 48, 11 1, S_0x2693f80;
 .timescale 0 0;
v0x26e8070_0 .alias "clock", 0 0, v0x26ecf20_0;
v0x26e8110_0 .alias "enable", 0 0, v0x26edd70_0;
v0x26e81b0_0 .alias "in", 15 0, v0x26ece20_0;
v0x26e8230_0 .var "out", 15 0;
S_0x26e7c20 .scope module, "R4" "register_bank" 3 49, 11 1, S_0x2693f80;
 .timescale 0 0;
v0x26e7d10_0 .alias "clock", 0 0, v0x26ecf20_0;
v0x26e7db0_0 .alias "enable", 0 0, v0x26ee1e0_0;
v0x26e7e50_0 .alias "in", 15 0, v0x26ece20_0;
v0x26e7ed0_0 .var "out", 15 0;
S_0x26e77a0 .scope module, "R5" "register_bank" 3 50, 11 1, S_0x2693f80;
 .timescale 0 0;
v0x26e7890_0 .alias "clock", 0 0, v0x26ecf20_0;
v0x26e79c0_0 .alias "enable", 0 0, v0x26ee2b0_0;
v0x26e7a60_0 .alias "in", 15 0, v0x26ece20_0;
v0x26e7b70_0 .var "out", 15 0;
S_0x26e7470 .scope module, "R6" "register_bank" 3 51, 11 1, S_0x2693f80;
 .timescale 0 0;
v0x26e7560_0 .alias "clock", 0 0, v0x26ecf20_0;
v0x26e7600_0 .alias "enable", 0 0, v0x26ee780_0;
v0x26e76a0_0 .alias "in", 15 0, v0x26ece20_0;
v0x26e7720_0 .var "out", 15 0;
S_0x26e70c0 .scope module, "R7" "register_bank" 3 52, 11 1, S_0x2693f80;
 .timescale 0 0;
v0x26e71b0_0 .alias "clock", 0 0, v0x26ecf20_0;
v0x26e7280_0 .alias "enable", 0 0, v0x26ee850_0;
v0x26e7320_0 .alias "in", 15 0, v0x26ece20_0;
v0x26e73f0_0 .var "out", 15 0;
S_0x26e6d20 .scope module, "Rr" "register_bank" 3 53, 11 1, S_0x2693f80;
 .timescale 0 0;
v0x26e6e10_0 .alias "clock", 0 0, v0x26ecf20_0;
v0x26e6ee0_0 .alias "enable", 0 0, v0x26eea00_0;
v0x26e6f60_0 .alias "in", 15 0, v0x26ece20_0;
v0x26e7010_0 .var "out", 15 0;
S_0x2694070 .scope module, "Ra" "register_bank" 3 54, 11 1, S_0x2693f80;
 .timescale 0 0;
v0x2694160_0 .alias "clock", 0 0, v0x26ecf20_0;
v0x26e6b30_0 .alias "enable", 0 0, v0x26ecd50_0;
v0x26e6bd0_0 .alias "in", 15 0, v0x26ece20_0;
v0x26e6c70_0 .var "out", 15 0;
E_0x26c6520 .event posedge, v0x2694160_0;
    .scope S_0x26ec900;
T_0 ;
    %wait E_0x26ec9f0;
    %load/v 8, v0x26eca20_0, 1;
    %mov 9, 0, 2;
    %cmpi/u 8, 1, 3;
    %jmp/0xz  T_0.0, 4;
    %load/v 8, v0x26ecad0_0, 16;
    %inv 8, 16;
    %addi 8, 1, 16;
    %ix/load 0, 16, 0;
    %assign/v0 v0x26ecb80_0, 0, 8;
    %jmp T_0.1;
T_0.0 ;
    %load/v 8, v0x26ecad0_0, 16;
    %ix/load 0, 16, 0;
    %assign/v0 v0x26ecb80_0, 0, 8;
T_0.1 ;
    %jmp T_0;
    .thread T_0, $push;
    .scope S_0x26ec630;
T_1 ;
    %wait E_0x26ec720;
    %load/v 8, v0x26ec750_0, 10; Only need 10 of 16 bits
; Save base=8 wid=10 in lookaside.
    %set/v v0x26ec7d0_0, 8, 10;
    %load/v 8, v0x26ec7d0_0, 10;
    %mov 18, 0, 6;
    %ix/load 0, 16, 0;
    %assign/v0 v0x26ec850_0, 0, 8;
    %jmp T_1;
    .thread T_1, $push;
    .scope S_0x26ec390;
T_2 ;
    %set/v v0x26ec580_0, 0, 2;
    %end;
    .thread T_2;
    .scope S_0x26ec390;
T_3 ;
    %wait E_0x26c6520;
    %load/v 8, v0x26ec480_0, 1;
    %mov 9, 0, 1;
    %cmpi/u 8, 0, 2;
    %jmp/0xz  T_3.0, 4;
    %ix/load 0, 1, 0;
    %load/vp0 8, v0x26ec580_0, 2;
    %set/v v0x26ec580_0, 8, 2;
    %jmp T_3.1;
T_3.0 ;
    %set/v v0x26ec580_0, 0, 2;
T_3.1 ;
    %jmp T_3;
    .thread T_3;
    .scope S_0x26ea930;
T_4 ;
    %set/v v0x26eaa20_0, 0, 8;
    %end;
    .thread T_4;
    .scope S_0x26ea930;
T_5 ;
    %wait E_0x26ea4a0;
    %load/v 8, v0x26eaae0_0, 3;
    %cmpi/u 8, 0, 3;
    %jmp/1 T_5.0, 6;
    %cmpi/u 8, 1, 3;
    %jmp/1 T_5.1, 6;
    %cmpi/u 8, 2, 3;
    %jmp/1 T_5.2, 6;
    %cmpi/u 8, 3, 3;
    %jmp/1 T_5.3, 6;
    %cmpi/u 8, 4, 3;
    %jmp/1 T_5.4, 6;
    %cmpi/u 8, 5, 3;
    %jmp/1 T_5.5, 6;
    %cmpi/u 8, 6, 3;
    %jmp/1 T_5.6, 6;
    %cmpi/u 8, 7, 3;
    %jmp/1 T_5.7, 6;
    %jmp T_5.8;
T_5.0 ;
    %movi 8, 128, 8;
    %ix/load 0, 8, 0;
    %assign/v0 v0x26eaa20_0, 0, 8;
    %jmp T_5.8;
T_5.1 ;
    %movi 8, 64, 8;
    %ix/load 0, 8, 0;
    %assign/v0 v0x26eaa20_0, 0, 8;
    %jmp T_5.8;
T_5.2 ;
    %movi 8, 32, 8;
    %ix/load 0, 8, 0;
    %assign/v0 v0x26eaa20_0, 0, 8;
    %jmp T_5.8;
T_5.3 ;
    %movi 8, 16, 8;
    %ix/load 0, 8, 0;
    %assign/v0 v0x26eaa20_0, 0, 8;
    %jmp T_5.8;
T_5.4 ;
    %movi 8, 8, 8;
    %ix/load 0, 8, 0;
    %assign/v0 v0x26eaa20_0, 0, 8;
    %jmp T_5.8;
T_5.5 ;
    %movi 8, 4, 8;
    %ix/load 0, 8, 0;
    %assign/v0 v0x26eaa20_0, 0, 8;
    %jmp T_5.8;
T_5.6 ;
    %movi 8, 2, 8;
    %ix/load 0, 8, 0;
    %assign/v0 v0x26eaa20_0, 0, 8;
    %jmp T_5.8;
T_5.7 ;
    %movi 8, 1, 8;
    %ix/load 0, 8, 0;
    %assign/v0 v0x26eaa20_0, 0, 8;
    %jmp T_5.8;
T_5.8 ;
    %jmp T_5;
    .thread T_5, $push;
    .scope S_0x26ea670;
T_6 ;
    %set/v v0x26ea7d0_0, 0, 8;
    %end;
    .thread T_6;
    .scope S_0x26ea670;
T_7 ;
    %wait E_0x26ea760;
    %load/v 8, v0x26ea890_0, 3;
    %cmpi/u 8, 0, 3;
    %jmp/1 T_7.0, 6;
    %cmpi/u 8, 1, 3;
    %jmp/1 T_7.1, 6;
    %cmpi/u 8, 2, 3;
    %jmp/1 T_7.2, 6;
    %cmpi/u 8, 3, 3;
    %jmp/1 T_7.3, 6;
    %cmpi/u 8, 4, 3;
    %jmp/1 T_7.4, 6;
    %cmpi/u 8, 5, 3;
    %jmp/1 T_7.5, 6;
    %cmpi/u 8, 6, 3;
    %jmp/1 T_7.6, 6;
    %cmpi/u 8, 7, 3;
    %jmp/1 T_7.7, 6;
    %jmp T_7.8;
T_7.0 ;
    %movi 8, 128, 8;
    %ix/load 0, 8, 0;
    %assign/v0 v0x26ea7d0_0, 0, 8;
    %jmp T_7.8;
T_7.1 ;
    %movi 8, 64, 8;
    %ix/load 0, 8, 0;
    %assign/v0 v0x26ea7d0_0, 0, 8;
    %jmp T_7.8;
T_7.2 ;
    %movi 8, 32, 8;
    %ix/load 0, 8, 0;
    %assign/v0 v0x26ea7d0_0, 0, 8;
    %jmp T_7.8;
T_7.3 ;
    %movi 8, 16, 8;
    %ix/load 0, 8, 0;
    %assign/v0 v0x26ea7d0_0, 0, 8;
    %jmp T_7.8;
T_7.4 ;
    %movi 8, 8, 8;
    %ix/load 0, 8, 0;
    %assign/v0 v0x26ea7d0_0, 0, 8;
    %jmp T_7.8;
T_7.5 ;
    %movi 8, 4, 8;
    %ix/load 0, 8, 0;
    %assign/v0 v0x26ea7d0_0, 0, 8;
    %jmp T_7.8;
T_7.6 ;
    %movi 8, 2, 8;
    %ix/load 0, 8, 0;
    %assign/v0 v0x26ea7d0_0, 0, 8;
    %jmp T_7.8;
T_7.7 ;
    %movi 8, 1, 8;
    %ix/load 0, 8, 0;
    %assign/v0 v0x26ea7d0_0, 0, 8;
    %jmp T_7.8;
T_7.8 ;
    %jmp T_7;
    .thread T_7, $push;
    .scope S_0x26ea3b0;
T_8 ;
    %set/v v0x26ea510_0, 0, 8;
    %end;
    .thread T_8;
    .scope S_0x26ea3b0;
T_9 ;
    %wait E_0x26ea4a0;
    %load/v 8, v0x26ea5d0_0, 3;
    %cmpi/u 8, 0, 3;
    %jmp/1 T_9.0, 6;
    %cmpi/u 8, 1, 3;
    %jmp/1 T_9.1, 6;
    %cmpi/u 8, 2, 3;
    %jmp/1 T_9.2, 6;
    %cmpi/u 8, 3, 3;
    %jmp/1 T_9.3, 6;
    %cmpi/u 8, 4, 3;
    %jmp/1 T_9.4, 6;
    %cmpi/u 8, 5, 3;
    %jmp/1 T_9.5, 6;
    %cmpi/u 8, 6, 3;
    %jmp/1 T_9.6, 6;
    %cmpi/u 8, 7, 3;
    %jmp/1 T_9.7, 6;
    %jmp T_9.8;
T_9.0 ;
    %movi 8, 128, 8;
    %ix/load 0, 8, 0;
    %assign/v0 v0x26ea510_0, 0, 8;
    %jmp T_9.8;
T_9.1 ;
    %movi 8, 64, 8;
    %ix/load 0, 8, 0;
    %assign/v0 v0x26ea510_0, 0, 8;
    %jmp T_9.8;
T_9.2 ;
    %movi 8, 32, 8;
    %ix/load 0, 8, 0;
    %assign/v0 v0x26ea510_0, 0, 8;
    %jmp T_9.8;
T_9.3 ;
    %movi 8, 16, 8;
    %ix/load 0, 8, 0;
    %assign/v0 v0x26ea510_0, 0, 8;
    %jmp T_9.8;
T_9.4 ;
    %movi 8, 8, 8;
    %ix/load 0, 8, 0;
    %assign/v0 v0x26ea510_0, 0, 8;
    %jmp T_9.8;
T_9.5 ;
    %movi 8, 4, 8;
    %ix/load 0, 8, 0;
    %assign/v0 v0x26ea510_0, 0, 8;
    %jmp T_9.8;
T_9.6 ;
    %movi 8, 2, 8;
    %ix/load 0, 8, 0;
    %assign/v0 v0x26ea510_0, 0, 8;
    %jmp T_9.8;
T_9.7 ;
    %movi 8, 1, 8;
    %ix/load 0, 8, 0;
    %assign/v0 v0x26ea510_0, 0, 8;
    %jmp T_9.8;
T_9.8 ;
    %jmp T_9;
    .thread T_9, $push;
    .scope S_0x26ea240;
T_10 ;
    %wait E_0x26ea360;
    %load/v 8, v0x26ec070_0, 1;
    %mov 9, 0, 2;
    %cmpi/u 8, 1, 3;
    %jmp/0xz  T_10.0, 4;
    %ix/load 0, 1, 0;
    %assign/v0 v0x26eac40_0, 0, 1;
    %jmp T_10.1;
T_10.0 ;
    %ix/load 0, 1, 0;
    %assign/v0 v0x26eac40_0, 0, 0;
T_10.1 ;
    %jmp T_10;
    .thread T_10;
    .scope S_0x26ea240;
T_11 ;
    %wait E_0x26ea330;
    %ix/load 1, 6, 0;
    %mov 4, 0, 1;
    %jmp/1 T_11.0, 4;
    %load/x1p 11, v0x26eae10_0, 1;
    %jmp T_11.1;
T_11.0 ;
    %mov 11, 2, 1;
T_11.1 ;
    %mov 8, 11, 1; Move signal select into place
    %ix/load 1, 7, 0;
    %mov 4, 0, 1;
    %jmp/1 T_11.2, 4;
    %load/x1p 11, v0x26eae10_0, 1;
    %jmp T_11.3;
T_11.2 ;
    %mov 11, 2, 1;
T_11.3 ;
    %mov 9, 11, 1; Move signal select into place
    %ix/load 1, 8, 0;
    %mov 4, 0, 1;
    %jmp/1 T_11.4, 4;
    %load/x1p 11, v0x26eae10_0, 1;
    %jmp T_11.5;
T_11.4 ;
    %mov 11, 2, 1;
T_11.5 ;
    %mov 10, 11, 1; Move signal select into place
    %set/v v0x26eb070_0, 8, 3;
    %ix/load 1, 3, 0;
    %mov 4, 0, 1;
    %jmp/1 T_11.6, 4;
    %load/x1p 11, v0x26eae10_0, 1;
    %jmp T_11.7;
T_11.6 ;
    %mov 11, 2, 1;
T_11.7 ;
    %mov 8, 11, 1; Move signal select into place
    %ix/load 1, 4, 0;
    %mov 4, 0, 1;
    %jmp/1 T_11.8, 4;
    %load/x1p 11, v0x26eae10_0, 1;
    %jmp T_11.9;
T_11.8 ;
    %mov 11, 2, 1;
T_11.9 ;
    %mov 9, 11, 1; Move signal select into place
    %ix/load 1, 5, 0;
    %mov 4, 0, 1;
    %jmp/1 T_11.10, 4;
    %load/x1p 11, v0x26eae10_0, 1;
    %jmp T_11.11;
T_11.10 ;
    %mov 11, 2, 1;
T_11.11 ;
    %mov 10, 11, 1; Move signal select into place
    %set/v v0x26ebf30_0, 8, 3;
    %load/v 8, v0x26eae10_0, 1; Select 1 out of 9 bits
    %ix/load 1, 1, 0;
    %mov 4, 0, 1;
    %jmp/1 T_11.12, 4;
    %load/x1p 11, v0x26eae10_0, 1;
    %jmp T_11.13;
T_11.12 ;
    %mov 11, 2, 1;
T_11.13 ;
    %mov 9, 11, 1; Move signal select into place
    %ix/load 1, 2, 0;
    %mov 4, 0, 1;
    %jmp/1 T_11.14, 4;
    %load/x1p 11, v0x26eae10_0, 1;
    %jmp T_11.15;
T_11.14 ;
    %mov 11, 2, 1;
T_11.15 ;
    %mov 10, 11, 1; Move signal select into place
    %set/v v0x26ec170_0, 8, 3;
    %ix/load 0, 1, 0;
    %assign/v0 v0x26eac40_0, 0, 0;
    %load/v 8, v0x26eacc0_0, 2;
    %cmpi/u 8, 0, 2;
    %jmp/1 T_11.16, 6;
    %cmpi/u 8, 1, 2;
    %jmp/1 T_11.17, 6;
    %cmpi/u 8, 2, 2;
    %jmp/1 T_11.18, 6;
    %cmpi/u 8, 3, 2;
    %jmp/1 T_11.19, 6;
    %jmp T_11.20;
T_11.16 ;
    %ix/load 0, 1, 0;
    %assign/v0 v0x26ebff0_0, 0, 0;
    %ix/load 0, 1, 0;
    %assign/v0 v0x26eb300_0, 0, 0;
    %ix/load 0, 1, 0;
    %assign/v0 v0x26eb4e0_0, 0, 0;
    %ix/load 0, 1, 0;
    %assign/v0 v0x26eb430_0, 0, 0;
    %ix/load 0, 1, 0;
    %assign/v0 v0x26eb820_0, 0, 0;
    %ix/load 0, 1, 0;
    %assign/v0 v0x26eb780_0, 0, 0;
    %ix/load 0, 1, 0;
    %assign/v0 v0x26eb950_0, 0, 0;
    %ix/load 0, 1, 0;
    %assign/v0 v0x26ebab0_0, 0, 0;
    %ix/load 0, 1, 0;
    %assign/v0 v0x26ebc20_0, 0, 0;
    %load/v 8, v0x26eb070_0, 3;
    %cmpi/u 8, 7, 3;
    %jmp/0xz  T_11.21, 4;
    %ix/load 0, 1, 0;
    %assign/v0 v0x26eaff0_0, 0, 1;
    %movi 8, 1, 2;
    %ix/load 0, 2, 0;
    %assign/v0 v0x26ec310_0, 0, 8;
    %ix/load 0, 1, 0;
    %assign/v0 v0x26eaeb0_0, 0, 0;
    %ix/load 0, 1, 0;
    %assign/v0 v0x26ec0f0_0, 0, 0;
    %jmp T_11.22;
T_11.21 ;
    %load/v 8, v0x26eb070_0, 3;
    %cmpi/u 8, 5, 3;
    %jmp/0xz  T_11.23, 4;
    %ix/load 0, 1, 0;
    %assign/v0 v0x26eaff0_0, 0, 1;
    %ix/load 0, 2, 0;
    %assign/v0 v0x26ec310_0, 0, 1;
    %ix/load 0, 1, 0;
    %assign/v0 v0x26eaeb0_0, 0, 0;
    %ix/load 0, 1, 0;
    %assign/v0 v0x26ec0f0_0, 0, 0;
    %jmp T_11.24;
T_11.23 ;
    %load/v 8, v0x26eb070_0, 3;
    %cmpi/u 8, 0, 3;
    %jmp/0xz  T_11.25, 4;
    %ix/load 0, 1, 0;
    %assign/v0 v0x26eaff0_0, 0, 1;
    %ix/load 0, 2, 0;
    %assign/v0 v0x26ec310_0, 0, 0;
    %ix/load 0, 1, 0;
    %assign/v0 v0x26eaeb0_0, 0, 0;
    %ix/load 0, 1, 0;
    %assign/v0 v0x26ec0f0_0, 0, 0;
    %jmp T_11.26;
T_11.25 ;
    %load/v 8, v0x26eb070_0, 3;
    %cmpi/u 8, 1, 3;
    %jmp/0xz  T_11.27, 4;
    %ix/load 0, 1, 0;
    %assign/v0 v0x26eaff0_0, 0, 1;
    %ix/load 0, 2, 0;
    %assign/v0 v0x26ec310_0, 0, 0;
    %ix/load 0, 1, 0;
    %assign/v0 v0x26eaeb0_0, 0, 1;
    %ix/load 0, 1, 0;
    %assign/v0 v0x26ec0f0_0, 0, 0;
    %jmp T_11.28;
T_11.27 ;
    %load/v 8, v0x26eb070_0, 3;
    %cmpi/u 8, 2, 3;
    %jmp/0xz  T_11.29, 4;
    %ix/load 0, 1, 0;
    %assign/v0 v0x26eaff0_0, 0, 0;
    %ix/load 0, 2, 0;
    %assign/v0 v0x26ec310_0, 0, 0;
    %ix/load 0, 1, 0;
    %assign/v0 v0x26eaeb0_0, 0, 0;
    %ix/load 0, 1, 0;
    %assign/v0 v0x26ec0f0_0, 0, 0;
    %jmp T_11.30;
T_11.29 ;
    %load/v 8, v0x26eb070_0, 3;
    %cmpi/u 8, 4, 3;
    %jmp/0xz  T_11.31, 4;
    %ix/load 0, 1, 0;
    %assign/v0 v0x26eaff0_0, 0, 1;
    %movi 8, 1, 2;
    %ix/load 0, 2, 0;
    %assign/v0 v0x26ec310_0, 0, 8;
    %ix/load 0, 1, 0;
    %assign/v0 v0x26eaeb0_0, 0, 0;
    %ix/load 0, 1, 0;
    %assign/v0 v0x26ec0f0_0, 0, 1;
T_11.31 ;
T_11.30 ;
T_11.28 ;
T_11.26 ;
T_11.24 ;
T_11.22 ;
    %jmp T_11.20;
T_11.17 ;
    %ix/load 0, 1, 0;
    %assign/v0 v0x26eab90_0, 0, 1;
    %load/v 8, v0x26ec310_0, 2;
    %cmpi/u 8, 0, 2;
    %mov 8, 4, 1;
    %load/v 9, v0x26ec310_0, 2;
    %cmpi/u 9, 2, 2;
    %mov 9, 4, 1;
    %load/v 10, v0x26ec0f0_0, 1;
    %mov 11, 0, 2;
    %cmpi/u 10, 1, 3;
    %mov 10, 4, 1;
    %and 9, 10, 1;
    %or 8, 9, 1;
    %jmp/0xz  T_11.33, 8;
    %ix/load 0, 1, 0;
    %assign/v0 v0x26ead60_0, 0, 0;
    %ix/load 0, 1, 0;
    %assign/v0 v0x26ebff0_0, 0, 0;
    %ix/load 1, 7, 0;
    %mov 4, 0, 1;
    %jmp/1 T_11.35, 4;
    %load/x1p 8, v0x26eb1a0_0, 1;
    %jmp T_11.36;
T_11.35 ;
    %mov 8, 2, 1;
T_11.36 ;
; Save base=8 wid=1 in lookaside.
    %ix/load 0, 1, 0;
    %assign/v0 v0x26eb3b0_0, 0, 8;
    %ix/load 1, 6, 0;
    %mov 4, 0, 1;
    %jmp/1 T_11.37, 4;
    %load/x1p 8, v0x26eb1a0_0, 1;
    %jmp T_11.38;
T_11.37 ;
    %mov 8, 2, 1;
T_11.38 ;
; Save base=8 wid=1 in lookaside.
    %ix/load 0, 1, 0;
    %assign/v0 v0x26eb590_0, 0, 8;
    %ix/load 1, 5, 0;
    %mov 4, 0, 1;
    %jmp/1 T_11.39, 4;
    %load/x1p 8, v0x26eb1a0_0, 1;
    %jmp T_11.40;
T_11.39 ;
    %mov 8, 2, 1;
T_11.40 ;
; Save base=8 wid=1 in lookaside.
    %ix/load 0, 1, 0;
    %assign/v0 v0x26eb700_0, 0, 8;
    %ix/load 1, 4, 0;
    %mov 4, 0, 1;
    %jmp/1 T_11.41, 4;
    %load/x1p 8, v0x26eb1a0_0, 1;
    %jmp T_11.42;
T_11.41 ;
    %mov 8, 2, 1;
T_11.42 ;
; Save base=8 wid=1 in lookaside.
    %ix/load 0, 1, 0;
    %assign/v0 v0x26eb8a0_0, 0, 8;
    %ix/load 1, 3, 0;
    %mov 4, 0, 1;
    %jmp/1 T_11.43, 4;
    %load/x1p 8, v0x26eb1a0_0, 1;
    %jmp T_11.44;
T_11.43 ;
    %mov 8, 2, 1;
T_11.44 ;
; Save base=8 wid=1 in lookaside.
    %ix/load 0, 1, 0;
    %assign/v0 v0x26eba00_0, 0, 8;
    %ix/load 1, 2, 0;
    %mov 4, 0, 1;
    %jmp/1 T_11.45, 4;
    %load/x1p 8, v0x26eb1a0_0, 1;
    %jmp T_11.46;
T_11.45 ;
    %mov 8, 2, 1;
T_11.46 ;
; Save base=8 wid=1 in lookaside.
    %ix/load 0, 1, 0;
    %assign/v0 v0x26ebb70_0, 0, 8;
    %ix/load 1, 1, 0;
    %mov 4, 0, 1;
    %jmp/1 T_11.47, 4;
    %load/x1p 8, v0x26eb1a0_0, 1;
    %jmp T_11.48;
T_11.47 ;
    %mov 8, 2, 1;
T_11.48 ;
; Save base=8 wid=1 in lookaside.
    %ix/load 0, 1, 0;
    %assign/v0 v0x26ebcf0_0, 0, 8;
    %load/v 8, v0x26eb1a0_0, 1; Only need 1 of 8 bits
; Save base=8 wid=1 in lookaside.
    %ix/load 0, 1, 0;
    %assign/v0 v0x26ebe80_0, 0, 8;
    %jmp T_11.34;
T_11.33 ;
    %load/v 8, v0x26ec310_0, 2;
    %cmpi/u 8, 1, 2;
    %mov 8, 4, 1;
    %or 8, 1, 1;
    %jmp/0xz  T_11.49, 8;
    %ix/load 0, 1, 0;
    %assign/v0 v0x26ead60_0, 0, 0;
    %ix/load 0, 1, 0;
    %assign/v0 v0x26ebff0_0, 0, 0;
    %ix/load 0, 1, 0;
    %assign/v0 v0x26eb3b0_0, 0, 0;
    %ix/load 0, 1, 0;
    %assign/v0 v0x26eb590_0, 0, 0;
    %ix/load 0, 1, 0;
    %assign/v0 v0x26eb700_0, 0, 0;
    %ix/load 0, 1, 0;
    %assign/v0 v0x26eb8a0_0, 0, 0;
    %ix/load 0, 1, 0;
    %assign/v0 v0x26eba00_0, 0, 0;
    %ix/load 0, 1, 0;
    %assign/v0 v0x26ebb70_0, 0, 0;
    %ix/load 0, 1, 0;
    %assign/v0 v0x26ebcf0_0, 0, 0;
    %ix/load 0, 1, 0;
    %assign/v0 v0x26ebe80_0, 0, 0;
T_11.49 ;
T_11.34 ;
    %jmp T_11.20;
T_11.18 ;
    %ix/load 0, 1, 0;
    %assign/v0 v0x26eab90_0, 0, 0;
    %ix/load 0, 1, 0;
    %assign/v0 v0x26ebda0_0, 0, 1;
    %load/v 8, v0x26ec310_0, 2;
    %cmpi/u 8, 3, 2;
    %inv 4, 1;
    %jmp/0xz  T_11.51, 4;
    %ix/load 0, 1, 0;
    %assign/v0 v0x26ead60_0, 0, 0;
    %ix/load 0, 1, 0;
    %assign/v0 v0x26ebff0_0, 0, 0;
    %ix/load 1, 7, 0;
    %mov 4, 0, 1;
    %jmp/1 T_11.53, 4;
    %load/x1p 8, v0x26eb250_0, 1;
    %jmp T_11.54;
T_11.53 ;
    %mov 8, 2, 1;
T_11.54 ;
; Save base=8 wid=1 in lookaside.
    %ix/load 0, 1, 0;
    %assign/v0 v0x26eb3b0_0, 0, 8;
    %ix/load 1, 6, 0;
    %mov 4, 0, 1;
    %jmp/1 T_11.55, 4;
    %load/x1p 8, v0x26eb250_0, 1;
    %jmp T_11.56;
T_11.55 ;
    %mov 8, 2, 1;
T_11.56 ;
; Save base=8 wid=1 in lookaside.
    %ix/load 0, 1, 0;
    %assign/v0 v0x26eb590_0, 0, 8;
    %ix/load 1, 5, 0;
    %mov 4, 0, 1;
    %jmp/1 T_11.57, 4;
    %load/x1p 8, v0x26eb250_0, 1;
    %jmp T_11.58;
T_11.57 ;
    %mov 8, 2, 1;
T_11.58 ;
; Save base=8 wid=1 in lookaside.
    %ix/load 0, 1, 0;
    %assign/v0 v0x26eb700_0, 0, 8;
    %ix/load 1, 4, 0;
    %mov 4, 0, 1;
    %jmp/1 T_11.59, 4;
    %load/x1p 8, v0x26eb250_0, 1;
    %jmp T_11.60;
T_11.59 ;
    %mov 8, 2, 1;
T_11.60 ;
; Save base=8 wid=1 in lookaside.
    %ix/load 0, 1, 0;
    %assign/v0 v0x26eb8a0_0, 0, 8;
    %ix/load 1, 3, 0;
    %mov 4, 0, 1;
    %jmp/1 T_11.61, 4;
    %load/x1p 8, v0x26eb250_0, 1;
    %jmp T_11.62;
T_11.61 ;
    %mov 8, 2, 1;
T_11.62 ;
; Save base=8 wid=1 in lookaside.
    %ix/load 0, 1, 0;
    %assign/v0 v0x26eba00_0, 0, 8;
    %ix/load 1, 2, 0;
    %mov 4, 0, 1;
    %jmp/1 T_11.63, 4;
    %load/x1p 8, v0x26eb250_0, 1;
    %jmp T_11.64;
T_11.63 ;
    %mov 8, 2, 1;
T_11.64 ;
; Save base=8 wid=1 in lookaside.
    %ix/load 0, 1, 0;
    %assign/v0 v0x26ebb70_0, 0, 8;
    %ix/load 1, 1, 0;
    %mov 4, 0, 1;
    %jmp/1 T_11.65, 4;
    %load/x1p 8, v0x26eb250_0, 1;
    %jmp T_11.66;
T_11.65 ;
    %mov 8, 2, 1;
T_11.66 ;
; Save base=8 wid=1 in lookaside.
    %ix/load 0, 1, 0;
    %assign/v0 v0x26ebcf0_0, 0, 8;
    %load/v 8, v0x26eb250_0, 1; Only need 1 of 8 bits
; Save base=8 wid=1 in lookaside.
    %ix/load 0, 1, 0;
    %assign/v0 v0x26ebe80_0, 0, 8;
    %jmp T_11.52;
T_11.51 ;
    %ix/load 0, 1, 0;
    %assign/v0 v0x26ead60_0, 0, 1;
    %ix/load 0, 1, 0;
    %assign/v0 v0x26ebff0_0, 0, 0;
T_11.52 ;
    %load/v 8, v0x26eaeb0_0, 1;
    %mov 9, 0, 2;
    %cmpi/u 8, 1, 3;
    %jmp/0xz  T_11.67, 4;
    %ix/load 0, 1, 0;
    %assign/v0 v0x26eaf50_0, 0, 1;
T_11.67 ;
    %jmp T_11.20;
T_11.19 ;
    %ix/load 0, 1, 0;
    %assign/v0 v0x26eaf50_0, 0, 0;
    %ix/load 0, 1, 0;
    %assign/v0 v0x26ebda0_0, 0, 0;
    %ix/load 0, 1, 0;
    %assign/v0 v0x26ead60_0, 0, 0;
    %ix/load 0, 1, 0;
    %assign/v0 v0x26ebff0_0, 0, 1;
    %set/v v0x26ec310_0, 2, 2;
    %ix/load 1, 7, 0;
    %mov 4, 0, 1;
    %jmp/1 T_11.69, 4;
    %load/x1p 8, v0x26eb0f0_0, 1;
    %jmp T_11.70;
T_11.69 ;
    %mov 8, 2, 1;
T_11.70 ;
; Save base=8 wid=1 in lookaside.
    %set/v v0x26eb300_0, 8, 1;
    %ix/load 1, 6, 0;
    %mov 4, 0, 1;
    %jmp/1 T_11.71, 4;
    %load/x1p 8, v0x26eb0f0_0, 1;
    %jmp T_11.72;
T_11.71 ;
    %mov 8, 2, 1;
T_11.72 ;
; Save base=8 wid=1 in lookaside.
    %set/v v0x26eb4e0_0, 8, 1;
    %ix/load 1, 5, 0;
    %mov 4, 0, 1;
    %jmp/1 T_11.73, 4;
    %load/x1p 8, v0x26eb0f0_0, 1;
    %jmp T_11.74;
T_11.73 ;
    %mov 8, 2, 1;
T_11.74 ;
; Save base=8 wid=1 in lookaside.
    %set/v v0x26eb430_0, 8, 1;
    %ix/load 1, 4, 0;
    %mov 4, 0, 1;
    %jmp/1 T_11.75, 4;
    %load/x1p 8, v0x26eb0f0_0, 1;
    %jmp T_11.76;
T_11.75 ;
    %mov 8, 2, 1;
T_11.76 ;
; Save base=8 wid=1 in lookaside.
    %set/v v0x26eb820_0, 8, 1;
    %ix/load 1, 3, 0;
    %mov 4, 0, 1;
    %jmp/1 T_11.77, 4;
    %load/x1p 8, v0x26eb0f0_0, 1;
    %jmp T_11.78;
T_11.77 ;
    %mov 8, 2, 1;
T_11.78 ;
; Save base=8 wid=1 in lookaside.
    %set/v v0x26eb780_0, 8, 1;
    %ix/load 1, 2, 0;
    %mov 4, 0, 1;
    %jmp/1 T_11.79, 4;
    %load/x1p 8, v0x26eb0f0_0, 1;
    %jmp T_11.80;
T_11.79 ;
    %mov 8, 2, 1;
T_11.80 ;
; Save base=8 wid=1 in lookaside.
    %set/v v0x26eb950_0, 8, 1;
    %ix/load 1, 1, 0;
    %mov 4, 0, 1;
    %jmp/1 T_11.81, 4;
    %load/x1p 8, v0x26eb0f0_0, 1;
    %jmp T_11.82;
T_11.81 ;
    %mov 8, 2, 1;
T_11.82 ;
; Save base=8 wid=1 in lookaside.
    %set/v v0x26ebab0_0, 8, 1;
    %load/v 8, v0x26eb0f0_0, 1; Only need 1 of 8 bits
; Save base=8 wid=1 in lookaside.
    %set/v v0x26ebc20_0, 8, 1;
    %jmp T_11.20;
T_11.20 ;
    %jmp T_11;
    .thread T_11, $push;
    .scope S_0x26e9220;
T_12 ;
    %wait E_0x26e9310;
    %load/v 8, v0x26e9500_0, 1;
    %mov 9, 0, 2;
    %cmpi/u 8, 1, 3;
    %jmp/0xz  T_12.0, 4;
    %load/v 8, v0x26e9460_0, 16;
    %ix/load 0, 16, 0;
    %assign/v0 v0x26e93a0_0, 0, 8;
    %jmp T_12.1;
T_12.0 ;
    %load/v 8, v0x26ea040_0, 1;
    %mov 9, 0, 2;
    %cmpi/u 8, 1, 3;
    %jmp/0xz  T_12.2, 4;
    %load/v 8, v0x26e95a0_0, 16;
    %ix/load 0, 16, 0;
    %assign/v0 v0x26e93a0_0, 0, 8;
    %jmp T_12.3;
T_12.2 ;
    %load/v 8, v0x26e9730_0, 1;
    %mov 9, 0, 2;
    %cmpi/u 8, 1, 3;
    %jmp/0xz  T_12.4, 4;
    %load/v 8, v0x26e9680_0, 16;
    %ix/load 0, 16, 0;
    %assign/v0 v0x26e93a0_0, 0, 8;
    %jmp T_12.5;
T_12.4 ;
    %load/v 8, v0x26e9870_0, 1;
    %mov 9, 0, 2;
    %cmpi/u 8, 1, 3;
    %jmp/0xz  T_12.6, 4;
    %load/v 8, v0x26e97f0_0, 16;
    %ix/load 0, 16, 0;
    %assign/v0 v0x26e93a0_0, 0, 8;
    %jmp T_12.7;
T_12.6 ;
    %load/v 8, v0x26e99a0_0, 1;
    %mov 9, 0, 2;
    %cmpi/u 8, 1, 3;
    %jmp/0xz  T_12.8, 4;
    %load/v 8, v0x26e98f0_0, 16;
    %ix/load 0, 16, 0;
    %assign/v0 v0x26e93a0_0, 0, 8;
    %jmp T_12.9;
T_12.8 ;
    %load/v 8, v0x26e9b30_0, 1;
    %mov 9, 0, 2;
    %cmpi/u 8, 1, 3;
    %jmp/0xz  T_12.10, 4;
    %load/v 8, v0x26e9a80_0, 16;
    %ix/load 0, 16, 0;
    %assign/v0 v0x26e93a0_0, 0, 8;
    %jmp T_12.11;
T_12.10 ;
    %load/v 8, v0x26e9cd0_0, 1;
    %mov 9, 0, 2;
    %cmpi/u 8, 1, 3;
    %jmp/0xz  T_12.12, 4;
    %load/v 8, v0x26e9c20_0, 16;
    %ix/load 0, 16, 0;
    %assign/v0 v0x26e93a0_0, 0, 8;
    %jmp T_12.13;
T_12.12 ;
    %load/v 8, v0x26e9e80_0, 1;
    %mov 9, 0, 2;
    %cmpi/u 8, 1, 3;
    %jmp/0xz  T_12.14, 4;
    %load/v 8, v0x26e9dd0_0, 16;
    %ix/load 0, 16, 0;
    %assign/v0 v0x26e93a0_0, 0, 8;
    %jmp T_12.15;
T_12.14 ;
    %load/v 8, v0x26e9fc0_0, 1;
    %mov 9, 0, 2;
    %cmpi/u 8, 1, 3;
    %jmp/0xz  T_12.16, 4;
    %load/v 8, v0x26e9d50_0, 16;
    %ix/load 0, 16, 0;
    %assign/v0 v0x26e93a0_0, 0, 8;
    %jmp T_12.17;
T_12.16 ;
    %load/v 8, v0x26ea110_0, 1;
    %mov 9, 0, 2;
    %cmpi/u 8, 1, 3;
    %jmp/0xz  T_12.18, 4;
    %load/v 8, v0x26e9f00_0, 16;
    %ix/load 0, 16, 0;
    %assign/v0 v0x26e93a0_0, 0, 8;
    %jmp T_12.19;
T_12.18 ;
    %ix/load 0, 16, 0;
    %assign/v0 v0x26e93a0_0, 0, 0;
T_12.19 ;
T_12.17 ;
T_12.15 ;
T_12.13 ;
T_12.11 ;
T_12.9 ;
T_12.7 ;
T_12.5 ;
T_12.3 ;
T_12.1 ;
    %jmp T_12;
    .thread T_12, $push;
    .scope S_0x26e8e20;
T_13 ;
    %wait E_0x26e8f10;
    %load/v 8, v0x26e8f80_0, 1;
    %cmpi/u 8, 1, 1;
    %jmp/1 T_13.0, 6;
    %cmpi/u 8, 0, 1;
    %jmp/1 T_13.1, 6;
    %set/v v0x26e9170_0, 0, 16;
    %jmp T_13.3;
T_13.0 ;
    %load/v 8, v0x26e9040_0, 16;
    %load/v 24, v0x26e90f0_0, 16;
    %add 8, 24, 16;
    %set/v v0x26e9170_0, 8, 16;
    %jmp T_13.3;
T_13.1 ;
    %load/v 8, v0x26e9040_0, 16;
    %load/v 24, v0x26e90f0_0, 16;
    %nand 8, 24, 16;
    %set/v v0x26e9170_0, 8, 16;
    %jmp T_13.3;
T_13.3 ;
    %jmp T_13;
    .thread T_13, $push;
    .scope S_0x26e8ac0;
T_14 ;
    %wait E_0x26c6520;
    %load/v 8, v0x26e8c50_0, 1;
    %jmp/0xz  T_14.0, 8;
    %load/v 8, v0x26e8cf0_0, 16;
    %ix/load 0, 16, 0;
    %assign/v0 v0x26e8d70_0, 0, 8;
T_14.0 ;
    %jmp T_14;
    .thread T_14;
    .scope S_0x26e8640;
T_15 ;
    %wait E_0x26c6520;
    %load/v 8, v0x26e7930_0, 1;
    %jmp/0xz  T_15.0, 8;
    %load/v 8, v0x26e8900_0, 16;
    %ix/load 0, 16, 0;
    %assign/v0 v0x26e7ae0_0, 0, 8;
T_15.0 ;
    %jmp T_15;
    .thread T_15;
    .scope S_0x26e82e0;
T_16 ;
    %wait E_0x26c6520;
    %load/v 8, v0x26e8470_0, 1;
    %jmp/0xz  T_16.0, 8;
    %load/v 8, v0x26e8510_0, 16;
    %ix/load 0, 16, 0;
    %assign/v0 v0x26e8590_0, 0, 8;
T_16.0 ;
    %jmp T_16;
    .thread T_16;
    .scope S_0x26e7f80;
T_17 ;
    %wait E_0x26c6520;
    %load/v 8, v0x26e8110_0, 1;
    %jmp/0xz  T_17.0, 8;
    %load/v 8, v0x26e81b0_0, 16;
    %ix/load 0, 16, 0;
    %assign/v0 v0x26e8230_0, 0, 8;
T_17.0 ;
    %jmp T_17;
    .thread T_17;
    .scope S_0x26e7c20;
T_18 ;
    %wait E_0x26c6520;
    %load/v 8, v0x26e7db0_0, 1;
    %jmp/0xz  T_18.0, 8;
    %load/v 8, v0x26e7e50_0, 16;
    %ix/load 0, 16, 0;
    %assign/v0 v0x26e7ed0_0, 0, 8;
T_18.0 ;
    %jmp T_18;
    .thread T_18;
    .scope S_0x26e77a0;
T_19 ;
    %wait E_0x26c6520;
    %load/v 8, v0x26e79c0_0, 1;
    %jmp/0xz  T_19.0, 8;
    %load/v 8, v0x26e7a60_0, 16;
    %ix/load 0, 16, 0;
    %assign/v0 v0x26e7b70_0, 0, 8;
T_19.0 ;
    %jmp T_19;
    .thread T_19;
    .scope S_0x26e7470;
T_20 ;
    %wait E_0x26c6520;
    %load/v 8, v0x26e7600_0, 1;
    %jmp/0xz  T_20.0, 8;
    %load/v 8, v0x26e76a0_0, 16;
    %ix/load 0, 16, 0;
    %assign/v0 v0x26e7720_0, 0, 8;
T_20.0 ;
    %jmp T_20;
    .thread T_20;
    .scope S_0x26e70c0;
T_21 ;
    %wait E_0x26c6520;
    %load/v 8, v0x26e7280_0, 1;
    %jmp/0xz  T_21.0, 8;
    %load/v 8, v0x26e7320_0, 16;
    %ix/load 0, 16, 0;
    %assign/v0 v0x26e73f0_0, 0, 8;
T_21.0 ;
    %jmp T_21;
    .thread T_21;
    .scope S_0x26e6d20;
T_22 ;
    %wait E_0x26c6520;
    %load/v 8, v0x26e6ee0_0, 1;
    %jmp/0xz  T_22.0, 8;
    %load/v 8, v0x26e6f60_0, 16;
    %ix/load 0, 16, 0;
    %assign/v0 v0x26e7010_0, 0, 8;
T_22.0 ;
    %jmp T_22;
    .thread T_22;
    .scope S_0x2694070;
T_23 ;
    %wait E_0x26c6520;
    %load/v 8, v0x26e6b30_0, 1;
    %jmp/0xz  T_23.0, 8;
    %load/v 8, v0x26e6bd0_0, 16;
    %ix/load 0, 16, 0;
    %assign/v0 v0x26e6c70_0, 0, 8;
T_23.0 ;
    %jmp T_23;
    .thread T_23;
    .scope S_0x2693f80;
T_24 ;
    %wait E_0x268e7d0;
    %load/v 8, v0x26ece20_0, 16;
    %ix/load 0, 16, 0;
    %assign/v0 v0x26ed510_0, 0, 8;
    %jmp T_24;
    .thread T_24, $push;
    .scope S_0x2693f80;
T_25 ;
    %wait E_0x26ec720;
    %ix/load 1, 7, 0;
    %mov 4, 0, 1;
    %jmp/1 T_25.0, 4;
    %load/x1p 8, v0x26ed070_0, 9;
    %jmp T_25.1;
T_25.0 ;
    %mov 8, 2, 9;
T_25.1 ;
; Save base=8 wid=9 in lookaside.
    %ix/load 0, 9, 0;
    %assign/v0 v0x26ed310_0, 0, 8;
    %jmp T_25;
    .thread T_25, $push;
    .scope S_0x26c9440;
T_26 ;
    %set/v v0x26eee10_0, 0, 1;
    %end;
    .thread T_26;
    .scope S_0x26c9440;
T_27 ;
    %set/v v0x26ef090_0, 0, 16;
    %end;
    .thread T_27;
    .scope S_0x26c9440;
T_28 ;
    %set/v v0x26ef160_0, 1, 1;
    %end;
    .thread T_28;
    .scope S_0x26c9440;
T_29 ;
    %delay 1, 0;
    %load/v 8, v0x26eee10_0, 1;
    %inv 8, 1;
    %set/v v0x26eee10_0, 8, 1;
    %jmp T_29;
    .thread T_29;
    .scope S_0x26c9440;
T_30 ;
    %vpi_call 2 12 "$dumpfile", "testbench.vcd";
    %end;
    .thread T_30;
    .scope S_0x26c9440;
T_31 ;
    %vpi_call 2 13 "$dumpvars", 1'sb0, S_0x26c9440;
    %end;
    .thread T_31;
    .scope S_0x26c9440;
T_32 ;
    %delay 0, 0;
    %set/v v0x26ef160_0, 0, 1;
    %delay 8, 0;
    %movi 8, 40988, 16;
    %set/v v0x26ef090_0, 8, 16;
    %delay 8, 0;
    %movi 8, 41994, 16;
    %set/v v0x26ef090_0, 8, 16;
    %delay 8, 0;
    %movi 8, 8320, 16;
    %set/v v0x26ef090_0, 8, 16;
    %delay 8, 0;
    %movi 8, 32768, 16;
    %set/v v0x26ef090_0, 8, 16;
    %delay 8, 0;
    %vpi_call 2 23 "$finish";
    %end;
    .thread T_32;
# The file index is used to find the file name in the following table.
:file_names 12;
    "N/A";
    "<interactive>";
    "testbench.v";
    "./processor.v";
    "././complement/complement.v";
    "././extensor/extensor.v";
    "././counter/counter.v";
    "././control_unit/control_unit.v";
    "././decoder/decoder.v";
    "././multiplexer/multiplexer.v";
    "././alu/alu.v";
    "././register_bank/register_bank.v";
