#! /usr/bin/vvp
:ivl_version "0.9.7 " "(v0_9_7)";
:vpi_time_precision + 0;
:vpi_module "system";
:vpi_module "v2005_math";
:vpi_module "va_math";
S_0x11b3730 .scope module, "testbench" "testbench" 2 3;
 .timescale 0 0;
v0x11fa740_0 .var "clock", 0 0;
v0x11fa810_0 .var "enable", 7 0;
v0x11fa8c0_0 .var "in", 15 0;
v0x11fa970_0 .net "out", 15 0, v0x11fa5f0_0; 1 drivers
v0x11faa50_0 .var "reg_num", 2 0;
S_0x11b3820 .scope module, "rb" "register_bank" 2 16, 3 1, S_0x11b3730;
 .timescale 0 0;
v0x11e9380_0 .net "clock", 0 0, v0x11fa740_0; 1 drivers
v0x11fa4b0_0 .net "enable", 7 0, v0x11fa810_0; 1 drivers
v0x11fa550_0 .net "inn", 15 0, v0x11fa8c0_0; 1 drivers
v0x11fa5f0_0 .var "out", 15 0;
v0x11fa6a0_0 .net "reg_num", 2 0, v0x11faa50_0; 1 drivers
E_0x11c57c0 .event posedge, v0x11e9380_0;
    .scope S_0x11b3820;
T_0 ;
    %set/v v0x11fa5f0_0, 0, 16;
    %end;
    .thread T_0;
    .scope S_0x11b3820;
T_1 ;
    %wait E_0x11c57c0;
    %ix/getv 1, v0x11fa6a0_0;
    %jmp/1 T_1.0, 4;
    %load/x1p 11, v0x11fa4b0_0, 1;
    %jmp T_1.1;
T_1.0 ;
    %mov 11, 2, 1;
T_1.1 ;
    %mov 8, 11, 1; Move signal select into place
    %mov 9, 0, 2;
    %cmpi/u 8, 1, 3;
    %jmp/0xz  T_1.2, 4;
    %load/v 8, v0x11fa550_0, 16;
    %ix/load 0, 16, 0;
    %assign/v0 v0x11fa5f0_0, 0, 8;
T_1.2 ;
    %jmp T_1;
    .thread T_1;
    .scope S_0x11b3730;
T_2 ;
    %set/v v0x11fa740_0, 0, 1;
    %end;
    .thread T_2;
    .scope S_0x11b3730;
T_3 ;
    %delay 1, 0;
    %load/v 8, v0x11fa740_0, 1;
    %inv 8, 1;
    %set/v v0x11fa740_0, 8, 1;
    %jmp T_3;
    .thread T_3;
    .scope S_0x11b3730;
T_4 ;
    %vpi_call 2 13 "$dumpfile", "testbench.vcd";
    %end;
    .thread T_4;
    .scope S_0x11b3730;
T_5 ;
    %vpi_call 2 14 "$dumpvars", 1'sb0, S_0x11b3730;
    %end;
    .thread T_5;
    .scope S_0x11b3730;
T_6 ;
    %delay 1, 0;
    %movi 8, 1, 8;
    %set/v v0x11fa810_0, 8, 8;
    %delay 0, 0;
    %movi 8, 256, 16;
    %set/v v0x11fa8c0_0, 8, 16;
    %delay 0, 0;
    %set/v v0x11faa50_0, 0, 3;
    %delay 3, 0;
    %movi 8, 17, 8;
    %set/v v0x11fa810_0, 8, 8;
    %delay 0, 0;
    %movi 8, 35, 16;
    %set/v v0x11fa8c0_0, 8, 16;
    %delay 0, 0;
    %movi 8, 4, 3;
    %set/v v0x11faa50_0, 8, 3;
    %delay 0, 0;
    %movi 8, 22, 16;
    %set/v v0x11fa8c0_0, 8, 16;
    %delay 0, 0;
    %movi 8, 5, 3;
    %set/v v0x11faa50_0, 8, 3;
    %delay 2, 0;
    %vpi_call 2 28 "$finish";
    %end;
    .thread T_6;
# The file index is used to find the file name in the following table.
:file_names 4;
    "N/A";
    "<interactive>";
    "testbench.v";
    "./register_bank.v";
