#! /usr/bin/vvp
:ivl_version "0.9.7 " "(v0_9_7)";
:vpi_time_precision + 0;
:vpi_module "system";
:vpi_module "v2005_math";
:vpi_module "va_math";
S_0x217f730 .scope module, "testbench" "testbench" 2 3;
 .timescale 0 0;
v0x21c47a0_0 .var "enable", 0 0;
v0x21c4870_0 .var "iin", 15 0;
v0x21c4920_0 .net "out", 15 0, v0x21c4700_0; 1 drivers
S_0x217f820 .scope module, "comp" "complement" 2 11, 3 1, S_0x217f730;
 .timescale 0 0;
v0x21b4dd0_0 .net "enable", 0 0, v0x21c47a0_0; 1 drivers
v0x21c4660_0 .net "iin", 15 0, v0x21c4870_0; 1 drivers
v0x21c4700_0 .var "out", 15 0;
E_0x2190f60 .event edge, v0x21b4dd0_0, v0x21c4660_0;
    .scope S_0x217f820;
T_0 ;
    %wait E_0x2190f60;
    %load/v 8, v0x21b4dd0_0, 1;
    %mov 9, 0, 2;
    %cmpi/u 8, 1, 3;
    %jmp/0xz  T_0.0, 4;
    %load/v 8, v0x21c4660_0, 16;
    %inv 8, 16;
    %addi 8, 1, 16;
    %ix/load 0, 16, 0;
    %assign/v0 v0x21c4700_0, 0, 8;
    %jmp T_0.1;
T_0.0 ;
    %load/v 8, v0x21c4660_0, 16;
    %ix/load 0, 16, 0;
    %assign/v0 v0x21c4700_0, 0, 8;
T_0.1 ;
    %jmp T_0;
    .thread T_0, $push;
    .scope S_0x217f730;
T_1 ;
    %vpi_call 2 9 "$dumpfile", "testbench.vcd";
    %end;
    .thread T_1;
    .scope S_0x217f730;
T_2 ;
    %vpi_call 2 10 "$dumpvars", 1'sb0, S_0x217f730;
    %end;
    .thread T_2;
    .scope S_0x217f730;
T_3 ;
    %delay 8, 0;
    %set/v v0x21c47a0_0, 1, 1;
    %delay 0, 0;
    %movi 8, 1, 16;
    %set/v v0x21c4870_0, 8, 16;
    %delay 8, 0;
    %set/v v0x21c47a0_0, 1, 1;
    %delay 0, 0;
    %movi 8, 3, 16;
    %set/v v0x21c4870_0, 8, 16;
    %delay 8, 0;
    %set/v v0x21c47a0_0, 1, 1;
    %delay 0, 0;
    %movi 8, 65534, 16;
    %set/v v0x21c4870_0, 8, 16;
    %delay 8, 0;
    %vpi_call 2 20 "$finish";
    %end;
    .thread T_3;
# The file index is used to find the file name in the following table.
:file_names 4;
    "N/A";
    "<interactive>";
    "testbench.v";
    "./complement.v";
